{"/Users/pidan/Work/Learn/pd-shad-ui/packages/ui/src/components/ui/button.tsx": {"path":"/Users/pidan/Work/Learn/pd-shad-ui/packages/ui/src/components/ui/button.tsx","statementMap":{"0":{"start":{"line":7,"column":6},"end":{"line":34,"column":null}},"1":{"start":{"line":42,"column":15},"end":{"line":53,"column":null}},"2":{"start":{"line":44,"column":17},"end":{"line":44,"column":null}},"3":{"start":{"line":45,"column":4},"end":{"line":50,"column":null}},"4":{"start":{"line":54,"column":0},"end":{"line":54,"column":null}}},"fnMap":{"0":{"name":"(anonymous_0)","decl":{"start":{"line":43,"column":2},"end":{"line":43,"column":3}},"loc":{"start":{"line":43,"column":68},"end":{"line":52,"column":null}},"line":43}},"branchMap":{"0":{"loc":{"start":{"line":43,"column":31},"end":{"line":43,"column":48}},"type":"default-arg","locations":[{"start":{"line":43,"column":41},"end":{"line":43,"column":48}}],"line":43},"1":{"loc":{"start":{"line":44,"column":17},"end":{"line":44,"column":null}},"type":"cond-expr","locations":[{"start":{"line":44,"column":27},"end":{"line":44,"column":34}},{"start":{"line":44,"column":34},"end":{"line":44,"column":null}}],"line":44}},"s":{"0":1,"1":1,"2":5,"3":5,"4":1},"f":{"0":5},"b":{"0":[5],"1":[0,5]},"meta":{"lastBranch":2,"lastFunction":1,"lastStatement":5,"seen":{"s:7:6:34:Infinity":0,"s:42:15:53:Infinity":1,"f:43:2:43:3":0,"b:43:41:43:48":0,"s:44:17:44:Infinity":2,"b:44:27:44:34:44:34:44:Infinity":1,"s:45:4:50:Infinity":3,"s:54:0:54:Infinity":4}}}
,"/Users/pidan/Work/Learn/pd-shad-ui/packages/ui/src/lib/utils.ts": {"path":"/Users/pidan/Work/Learn/pd-shad-ui/packages/ui/src/lib/utils.ts","statementMap":{"0":{"start":{"line":5,"column":2},"end":{"line":5,"column":null}}},"fnMap":{"0":{"name":"cn","decl":{"start":{"line":4,"column":16},"end":{"line":4,"column":22}},"loc":{"start":{"line":4,"column":44},"end":{"line":6,"column":null}},"line":4}},"branchMap":{},"s":{"0":5},"f":{"0":5},"b":{},"meta":{"lastBranch":0,"lastFunction":1,"lastStatement":1,"seen":{"f:4:16:4:22":0,"s:5:2:5:Infinity":0}}}
}
