{"/Users/pidan/Work/Learn/pd-ui/packages/ui/src/components/ui/accordion.tsx": {"path":"/Users/pidan/Work/Learn/pd-ui/packages/ui/src/components/ui/accordion.tsx","statementMap":{"0":{"start":{"line":7,"column":18},"end":{"line":7,"column":null}},"1":{"start":{"line":9,"column":22},"end":{"line":18,"column":null}},"2":{"start":{"line":13,"column":2},"end":{"line":17,"column":null}},"3":{"start":{"line":19,"column":0},"end":{"line":19,"column":null}},"4":{"start":{"line":21,"column":25},"end":{"line":38,"column":null}},"5":{"start":{"line":25,"column":2},"end":{"line":37,"column":null}},"6":{"start":{"line":39,"column":0},"end":{"line":39,"column":null}},"7":{"start":{"line":41,"column":25},"end":{"line":52,"column":null}},"8":{"start":{"line":45,"column":2},"end":{"line":51,"column":null}},"9":{"start":{"line":54,"column":0},"end":{"line":54,"column":null}}},"fnMap":{"0":{"name":"(anonymous_0)","decl":{"start":{"line":12,"column":2},"end":{"line":12,"column":3}},"loc":{"start":{"line":13,"column":2},"end":{"line":17,"column":null}},"line":13},"1":{"name":"(anonymous_1)","decl":{"start":{"line":24,"column":2},"end":{"line":24,"column":3}},"loc":{"start":{"line":25,"column":2},"end":{"line":37,"column":null}},"line":25},"2":{"name":"(anonymous_2)","decl":{"start":{"line":44,"column":2},"end":{"line":44,"column":3}},"loc":{"start":{"line":45,"column":2},"end":{"line":51,"column":null}},"line":45}},"branchMap":{},"s":{"0":1,"1":1,"2":2,"3":1,"4":1,"5":2,"6":1,"7":1,"8":2,"9":1},"f":{"0":2,"1":2,"2":2},"b":{},"meta":{"lastBranch":0,"lastFunction":3,"lastStatement":10,"seen":{"s:7:18:7:Infinity":0,"s:9:22:18:Infinity":1,"f:12:2:12:3":0,"s:13:2:17:Infinity":2,"s:19:0:19:Infinity":3,"s:21:25:38:Infinity":4,"f:24:2:24:3":1,"s:25:2:37:Infinity":5,"s:39:0:39:Infinity":6,"s:41:25:52:Infinity":7,"f:44:2:44:3":2,"s:45:2:51:Infinity":8,"s:54:0:54:Infinity":9}}}
,"/Users/pidan/Work/Learn/pd-ui/packages/ui/src/components/ui/alert-dialog.tsx": {"path":"/Users/pidan/Work/Learn/pd-ui/packages/ui/src/components/ui/alert-dialog.tsx","statementMap":{"0":{"start":{"line":9,"column":20},"end":{"line":9,"column":null}},"1":{"start":{"line":11,"column":27},"end":{"line":11,"column":null}},"2":{"start":{"line":13,"column":26},"end":{"line":13,"column":null}},"3":{"start":{"line":15,"column":27},"end":{"line":27,"column":null}},"4":{"start":{"line":19,"column":2},"end":{"line":26,"column":null}},"5":{"start":{"line":28,"column":0},"end":{"line":28,"column":null}},"6":{"start":{"line":30,"column":27},"end":{"line":45,"column":null}},"7":{"start":{"line":34,"column":2},"end":{"line":44,"column":null}},"8":{"start":{"line":46,"column":0},"end":{"line":46,"column":null}},"9":{"start":{"line":48,"column":26},"end":{"line":58,"column":null}},"10":{"start":{"line":52,"column":2},"end":{"line":58,"column":null}},"11":{"start":{"line":60,"column":0},"end":{"line":60,"column":null}},"12":{"start":{"line":62,"column":26},"end":{"line":72,"column":null}},"13":{"start":{"line":66,"column":2},"end":{"line":72,"column":null}},"14":{"start":{"line":74,"column":0},"end":{"line":74,"column":null}},"15":{"start":{"line":76,"column":25},"end":{"line":85,"column":null}},"16":{"start":{"line":80,"column":2},"end":{"line":84,"column":null}},"17":{"start":{"line":86,"column":0},"end":{"line":86,"column":null}},"18":{"start":{"line":88,"column":31},"end":{"line":97,"column":null}},"19":{"start":{"line":92,"column":2},"end":{"line":96,"column":null}},"20":{"start":{"line":98,"column":0},"end":{"line":99,"column":null}},"21":{"start":{"line":101,"column":26},"end":{"line":110,"column":null}},"22":{"start":{"line":105,"column":2},"end":{"line":109,"column":null}},"23":{"start":{"line":111,"column":0},"end":{"line":111,"column":null}},"24":{"start":{"line":113,"column":26},"end":{"line":126,"column":null}},"25":{"start":{"line":117,"column":2},"end":{"line":125,"column":null}},"26":{"start":{"line":127,"column":0},"end":{"line":127,"column":null}}},"fnMap":{"0":{"name":"(anonymous_0)","decl":{"start":{"line":18,"column":2},"end":{"line":18,"column":3}},"loc":{"start":{"line":19,"column":2},"end":{"line":26,"column":null}},"line":19},"1":{"name":"(anonymous_1)","decl":{"start":{"line":33,"column":2},"end":{"line":33,"column":3}},"loc":{"start":{"line":34,"column":2},"end":{"line":44,"column":null}},"line":34},"2":{"name":"(anonymous_2)","decl":{"start":{"line":48,"column":26},"end":{"line":48,"column":27}},"loc":{"start":{"line":52,"column":2},"end":{"line":58,"column":null}},"line":52},"3":{"name":"(anonymous_3)","decl":{"start":{"line":62,"column":26},"end":{"line":62,"column":27}},"loc":{"start":{"line":66,"column":2},"end":{"line":72,"column":null}},"line":66},"4":{"name":"(anonymous_4)","decl":{"start":{"line":79,"column":2},"end":{"line":79,"column":3}},"loc":{"start":{"line":80,"column":2},"end":{"line":84,"column":null}},"line":80},"5":{"name":"(anonymous_5)","decl":{"start":{"line":91,"column":2},"end":{"line":91,"column":3}},"loc":{"start":{"line":92,"column":2},"end":{"line":96,"column":null}},"line":92},"6":{"name":"(anonymous_6)","decl":{"start":{"line":104,"column":2},"end":{"line":104,"column":3}},"loc":{"start":{"line":105,"column":2},"end":{"line":109,"column":null}},"line":105},"7":{"name":"(anonymous_7)","decl":{"start":{"line":116,"column":2},"end":{"line":116,"column":3}},"loc":{"start":{"line":117,"column":2},"end":{"line":125,"column":null}},"line":117}},"branchMap":{},"s":{"0":1,"1":1,"2":1,"3":1,"4":7,"5":1,"6":1,"7":3,"8":1,"9":1,"10":3,"11":1,"12":1,"13":3,"14":1,"15":1,"16":3,"17":1,"18":1,"19":3,"20":1,"21":1,"22":1,"23":1,"24":1,"25":3,"26":1},"f":{"0":7,"1":3,"2":3,"3":3,"4":3,"5":3,"6":1,"7":3},"b":{},"meta":{"lastBranch":0,"lastFunction":8,"lastStatement":27,"seen":{"s:9:20:9:Infinity":0,"s:11:27:11:Infinity":1,"s:13:26:13:Infinity":2,"s:15:27:27:Infinity":3,"f:18:2:18:3":0,"s:19:2:26:Infinity":4,"s:28:0:28:Infinity":5,"s:30:27:45:Infinity":6,"f:33:2:33:3":1,"s:34:2:44:Infinity":7,"s:46:0:46:Infinity":8,"s:48:26:58:Infinity":9,"f:48:26:48:27":2,"s:52:2:58:Infinity":10,"s:60:0:60:Infinity":11,"s:62:26:72:Infinity":12,"f:62:26:62:27":3,"s:66:2:72:Infinity":13,"s:74:0:74:Infinity":14,"s:76:25:85:Infinity":15,"f:79:2:79:3":4,"s:80:2:84:Infinity":16,"s:86:0:86:Infinity":17,"s:88:31:97:Infinity":18,"f:91:2:91:3":5,"s:92:2:96:Infinity":19,"s:98:0:99:Infinity":20,"s:101:26:110:Infinity":21,"f:104:2:104:3":6,"s:105:2:109:Infinity":22,"s:111:0:111:Infinity":23,"s:113:26:126:Infinity":24,"f:116:2:116:3":7,"s:117:2:125:Infinity":25,"s:127:0:127:Infinity":26}}}
,"/Users/pidan/Work/Learn/pd-ui/packages/ui/src/components/ui/aspect-ratio.tsx": {"path":"/Users/pidan/Work/Learn/pd-ui/packages/ui/src/components/ui/aspect-ratio.tsx","statementMap":{"0":{"start":{"line":5,"column":20},"end":{"line":5,"column":null}}},"fnMap":{},"branchMap":{},"s":{"0":1},"f":{},"b":{},"meta":{"lastBranch":0,"lastFunction":0,"lastStatement":1,"seen":{"s:5:20:5:Infinity":0}}}
,"/Users/pidan/Work/Learn/pd-ui/packages/ui/src/components/ui/avatar.tsx": {"path":"/Users/pidan/Work/Learn/pd-ui/packages/ui/src/components/ui/avatar.tsx","statementMap":{"0":{"start":{"line":6,"column":15},"end":{"line":18,"column":null}},"1":{"start":{"line":10,"column":2},"end":{"line":17,"column":null}},"2":{"start":{"line":19,"column":0},"end":{"line":19,"column":null}},"3":{"start":{"line":21,"column":20},"end":{"line":30,"column":null}},"4":{"start":{"line":25,"column":2},"end":{"line":29,"column":null}},"5":{"start":{"line":31,"column":0},"end":{"line":31,"column":null}},"6":{"start":{"line":33,"column":23},"end":{"line":45,"column":null}},"7":{"start":{"line":37,"column":2},"end":{"line":44,"column":null}},"8":{"start":{"line":46,"column":0},"end":{"line":46,"column":null}}},"fnMap":{"0":{"name":"(anonymous_0)","decl":{"start":{"line":9,"column":2},"end":{"line":9,"column":3}},"loc":{"start":{"line":10,"column":2},"end":{"line":17,"column":null}},"line":10},"1":{"name":"(anonymous_1)","decl":{"start":{"line":24,"column":2},"end":{"line":24,"column":3}},"loc":{"start":{"line":25,"column":2},"end":{"line":29,"column":null}},"line":25},"2":{"name":"(anonymous_2)","decl":{"start":{"line":36,"column":2},"end":{"line":36,"column":3}},"loc":{"start":{"line":37,"column":2},"end":{"line":44,"column":null}},"line":37}},"branchMap":{},"s":{"0":1,"1":2,"2":1,"3":1,"4":1,"5":1,"6":1,"7":2,"8":1},"f":{"0":2,"1":1,"2":2},"b":{},"meta":{"lastBranch":0,"lastFunction":3,"lastStatement":9,"seen":{"s:6:15:18:Infinity":0,"f:9:2:9:3":0,"s:10:2:17:Infinity":1,"s:19:0:19:Infinity":2,"s:21:20:30:Infinity":3,"f:24:2:24:3":1,"s:25:2:29:Infinity":4,"s:31:0:31:Infinity":5,"s:33:23:45:Infinity":6,"f:36:2:36:3":2,"s:37:2:44:Infinity":7,"s:46:0:46:Infinity":8}}}
,"/Users/pidan/Work/Learn/pd-ui/packages/ui/src/components/ui/badge.tsx": {"path":"/Users/pidan/Work/Learn/pd-ui/packages/ui/src/components/ui/badge.tsx","statementMap":{"0":{"start":{"line":6,"column":6},"end":{"line":24,"column":null}},"1":{"start":{"line":31,"column":2},"end":{"line":32,"column":null}}},"fnMap":{"0":{"name":"Badge","decl":{"start":{"line":30,"column":9},"end":{"line":30,"column":15}},"loc":{"start":{"line":30,"column":61},"end":{"line":34,"column":null}},"line":30}},"branchMap":{},"s":{"0":1,"1":3},"f":{"0":3},"b":{},"meta":{"lastBranch":0,"lastFunction":1,"lastStatement":2,"seen":{"s:6:6:24:Infinity":0,"f:30:9:30:15":0,"s:31:2:32:Infinity":1}}}
,"/Users/pidan/Work/Learn/pd-ui/packages/ui/src/components/ui/breadcrumb.tsx": {"path":"/Users/pidan/Work/Learn/pd-ui/packages/ui/src/components/ui/breadcrumb.tsx","statementMap":{"0":{"start":{"line":7,"column":19},"end":{"line":12,"column":null}},"1":{"start":{"line":12,"column":25},"end":{"line":12,"column":77}},"2":{"start":{"line":13,"column":0},"end":{"line":13,"column":null}},"3":{"start":{"line":15,"column":23},"end":{"line":27,"column":null}},"4":{"start":{"line":19,"column":2},"end":{"line":26,"column":null}},"5":{"start":{"line":28,"column":0},"end":{"line":28,"column":null}},"6":{"start":{"line":30,"column":23},"end":{"line":39,"column":null}},"7":{"start":{"line":34,"column":2},"end":{"line":38,"column":null}},"8":{"start":{"line":40,"column":0},"end":{"line":40,"column":null}},"9":{"start":{"line":42,"column":23},"end":{"line":57,"column":null}},"10":{"start":{"line":48,"column":15},"end":{"line":48,"column":null}},"11":{"start":{"line":50,"column":2},"end":{"line":55,"column":null}},"12":{"start":{"line":58,"column":0},"end":{"line":58,"column":null}},"13":{"start":{"line":60,"column":23},"end":{"line":72,"column":null}},"14":{"start":{"line":64,"column":2},"end":{"line":71,"column":null}},"15":{"start":{"line":73,"column":0},"end":{"line":73,"column":null}},"16":{"start":{"line":75,"column":28},"end":{"line":87,"column":null}},"17":{"start":{"line":80,"column":2},"end":{"line":87,"column":null}},"18":{"start":{"line":89,"column":0},"end":{"line":89,"column":null}},"19":{"start":{"line":91,"column":27},"end":{"line":103,"column":null}},"20":{"start":{"line":95,"column":2},"end":{"line":103,"column":null}},"21":{"start":{"line":105,"column":0},"end":{"line":105,"column":null}}},"fnMap":{"0":{"name":"(anonymous_0)","decl":{"start":{"line":12,"column":2},"end":{"line":12,"column":3}},"loc":{"start":{"line":12,"column":25},"end":{"line":12,"column":77}},"line":12},"1":{"name":"(anonymous_1)","decl":{"start":{"line":18,"column":2},"end":{"line":18,"column":3}},"loc":{"start":{"line":19,"column":2},"end":{"line":26,"column":null}},"line":19},"2":{"name":"(anonymous_2)","decl":{"start":{"line":33,"column":2},"end":{"line":33,"column":3}},"loc":{"start":{"line":34,"column":2},"end":{"line":38,"column":null}},"line":34},"3":{"name":"(anonymous_3)","decl":{"start":{"line":47,"column":2},"end":{"line":47,"column":3}},"loc":{"start":{"line":47,"column":45},"end":{"line":57,"column":1}},"line":47},"4":{"name":"(anonymous_4)","decl":{"start":{"line":63,"column":2},"end":{"line":63,"column":3}},"loc":{"start":{"line":64,"column":2},"end":{"line":71,"column":null}},"line":64},"5":{"name":"(anonymous_5)","decl":{"start":{"line":75,"column":28},"end":{"line":75,"column":29}},"loc":{"start":{"line":80,"column":2},"end":{"line":87,"column":null}},"line":80},"6":{"name":"(anonymous_6)","decl":{"start":{"line":91,"column":27},"end":{"line":91,"column":28}},"loc":{"start":{"line":95,"column":2},"end":{"line":103,"column":null}},"line":95}},"branchMap":{"0":{"loc":{"start":{"line":48,"column":15},"end":{"line":48,"column":null}},"type":"cond-expr","locations":[{"start":{"line":48,"column":25},"end":{"line":48,"column":32}},{"start":{"line":48,"column":32},"end":{"line":48,"column":null}}],"line":48},"1":{"loc":{"start":{"line":86,"column":5},"end":{"line":86,"column":null}},"type":"binary-expr","locations":[{"start":{"line":86,"column":5},"end":{"line":86,"column":17}},{"start":{"line":86,"column":17},"end":{"line":86,"column":null}}],"line":86}},"s":{"0":1,"1":3,"2":1,"3":1,"4":3,"5":1,"6":1,"7":5,"8":1,"9":1,"10":2,"11":2,"12":1,"13":1,"14":2,"15":1,"16":1,"17":2,"18":1,"19":1,"20":1,"21":1},"f":{"0":3,"1":3,"2":5,"3":2,"4":2,"5":2,"6":1},"b":{"0":[0,2],"1":[2,2]},"meta":{"lastBranch":2,"lastFunction":7,"lastStatement":22,"seen":{"s:7:19:12:Infinity":0,"f:12:2:12:3":0,"s:12:25:12:77":1,"s:13:0:13:Infinity":2,"s:15:23:27:Infinity":3,"f:18:2:18:3":1,"s:19:2:26:Infinity":4,"s:28:0:28:Infinity":5,"s:30:23:39:Infinity":6,"f:33:2:33:3":2,"s:34:2:38:Infinity":7,"s:40:0:40:Infinity":8,"s:42:23:57:Infinity":9,"f:47:2:47:3":3,"s:48:15:48:Infinity":10,"b:48:25:48:32:48:32:48:Infinity":0,"s:50:2:55:Infinity":11,"s:58:0:58:Infinity":12,"s:60:23:72:Infinity":13,"f:63:2:63:3":4,"s:64:2:71:Infinity":14,"s:73:0:73:Infinity":15,"s:75:28:87:Infinity":16,"f:75:28:75:29":5,"s:80:2:87:Infinity":17,"b:86:5:86:17:86:17:86:Infinity":1,"s:89:0:89:Infinity":18,"s:91:27:103:Infinity":19,"f:91:27:91:28":6,"s:95:2:103:Infinity":20,"s:105:0:105:Infinity":21}}}
,"/Users/pidan/Work/Learn/pd-ui/packages/ui/src/components/ui/button.tsx": {"path":"/Users/pidan/Work/Learn/pd-ui/packages/ui/src/components/ui/button.tsx","statementMap":{"0":{"start":{"line":7,"column":6},"end":{"line":34,"column":null}},"1":{"start":{"line":42,"column":15},"end":{"line":53,"column":null}},"2":{"start":{"line":44,"column":17},"end":{"line":44,"column":null}},"3":{"start":{"line":45,"column":4},"end":{"line":50,"column":null}},"4":{"start":{"line":54,"column":0},"end":{"line":54,"column":null}}},"fnMap":{"0":{"name":"(anonymous_0)","decl":{"start":{"line":43,"column":2},"end":{"line":43,"column":3}},"loc":{"start":{"line":43,"column":68},"end":{"line":52,"column":null}},"line":43}},"branchMap":{"0":{"loc":{"start":{"line":43,"column":31},"end":{"line":43,"column":48}},"type":"default-arg","locations":[{"start":{"line":43,"column":41},"end":{"line":43,"column":48}}],"line":43},"1":{"loc":{"start":{"line":44,"column":17},"end":{"line":44,"column":null}},"type":"cond-expr","locations":[{"start":{"line":44,"column":27},"end":{"line":44,"column":34}},{"start":{"line":44,"column":34},"end":{"line":44,"column":null}}],"line":44}},"s":{"0":5,"1":5,"2":13,"3":13,"4":5},"f":{"0":13},"b":{"0":[13],"1":[0,13]},"meta":{"lastBranch":2,"lastFunction":1,"lastStatement":5,"seen":{"s:7:6:34:Infinity":0,"s:42:15:53:Infinity":1,"f:43:2:43:3":0,"b:43:41:43:48":0,"s:44:17:44:Infinity":2,"b:44:27:44:34:44:34:44:Infinity":1,"s:45:4:50:Infinity":3,"s:54:0:54:Infinity":4}}}
,"/Users/pidan/Work/Learn/pd-ui/packages/ui/src/components/ui/calendar.tsx": {"path":"/Users/pidan/Work/Learn/pd-ui/packages/ui/src/components/ui/calendar.tsx","statementMap":{"0":{"start":{"line":16,"column":2},"end":{"line":63,"column":null}},"1":{"start":{"line":56,"column":10},"end":{"line":58,"column":null}},"2":{"start":{"line":57,"column":12},"end":{"line":57,"column":null}},"3":{"start":{"line":59,"column":10},"end":{"line":59,"column":null}},"4":{"start":{"line":66,"column":0},"end":{"line":66,"column":null}}},"fnMap":{"0":{"name":"Calendar","decl":{"start":{"line":10,"column":9},"end":{"line":10,"column":18}},"loc":{"start":{"line":15,"column":18},"end":{"line":65,"column":null}},"line":15},"1":{"name":"(anonymous_1)","decl":{"start":{"line":55,"column":17},"end":{"line":55,"column":18}},"loc":{"start":{"line":55,"column":28},"end":{"line":60,"column":null}},"line":55}},"branchMap":{"0":{"loc":{"start":{"line":13,"column":2},"end":{"line":13,"column":null}},"type":"default-arg","locations":[{"start":{"line":13,"column":20},"end":{"line":13,"column":null}}],"line":13},"1":{"loc":{"start":{"line":56,"column":10},"end":{"line":58,"column":null}},"type":"if","locations":[{"start":{"line":56,"column":10},"end":{"line":58,"column":null}},{"start":{},"end":{}}],"line":56}},"s":{"0":3,"1":14,"2":7,"3":7,"4":1},"f":{"0":3,"1":14},"b":{"0":[3],"1":[7,7]},"meta":{"lastBranch":2,"lastFunction":2,"lastStatement":5,"seen":{"f:10:9:10:18":0,"b:13:20:13:Infinity":0,"s:16:2:63:Infinity":0,"f:55:17:55:18":1,"b:56:10:58:Infinity:undefined:undefined:undefined:undefined":1,"s:56:10:58:Infinity":1,"s:57:12:57:Infinity":2,"s:59:10:59:Infinity":3,"s:66:0:66:Infinity":4}}}
,"/Users/pidan/Work/Learn/pd-ui/packages/ui/src/components/ui/card.tsx": {"path":"/Users/pidan/Work/Learn/pd-ui/packages/ui/src/components/ui/card.tsx","statementMap":{"0":{"start":{"line":4,"column":13},"end":{"line":16,"column":null}},"1":{"start":{"line":8,"column":2},"end":{"line":15,"column":null}},"2":{"start":{"line":17,"column":0},"end":{"line":17,"column":null}},"3":{"start":{"line":19,"column":19},"end":{"line":28,"column":null}},"4":{"start":{"line":23,"column":2},"end":{"line":27,"column":null}},"5":{"start":{"line":29,"column":0},"end":{"line":29,"column":null}},"6":{"start":{"line":31,"column":18},"end":{"line":43,"column":null}},"7":{"start":{"line":35,"column":2},"end":{"line":42,"column":null}},"8":{"start":{"line":44,"column":0},"end":{"line":44,"column":null}},"9":{"start":{"line":46,"column":24},"end":{"line":55,"column":null}},"10":{"start":{"line":50,"column":2},"end":{"line":54,"column":null}},"11":{"start":{"line":56,"column":0},"end":{"line":56,"column":null}},"12":{"start":{"line":58,"column":20},"end":{"line":63,"column":null}},"13":{"start":{"line":62,"column":2},"end":{"line":62,"column":null}},"14":{"start":{"line":64,"column":0},"end":{"line":64,"column":null}},"15":{"start":{"line":66,"column":19},"end":{"line":75,"column":null}},"16":{"start":{"line":70,"column":2},"end":{"line":74,"column":null}},"17":{"start":{"line":76,"column":0},"end":{"line":76,"column":null}}},"fnMap":{"0":{"name":"(anonymous_0)","decl":{"start":{"line":7,"column":2},"end":{"line":7,"column":3}},"loc":{"start":{"line":8,"column":2},"end":{"line":15,"column":null}},"line":8},"1":{"name":"(anonymous_1)","decl":{"start":{"line":22,"column":2},"end":{"line":22,"column":3}},"loc":{"start":{"line":23,"column":2},"end":{"line":27,"column":null}},"line":23},"2":{"name":"(anonymous_2)","decl":{"start":{"line":34,"column":2},"end":{"line":34,"column":3}},"loc":{"start":{"line":35,"column":2},"end":{"line":42,"column":null}},"line":35},"3":{"name":"(anonymous_3)","decl":{"start":{"line":49,"column":2},"end":{"line":49,"column":3}},"loc":{"start":{"line":50,"column":2},"end":{"line":54,"column":null}},"line":50},"4":{"name":"(anonymous_4)","decl":{"start":{"line":61,"column":2},"end":{"line":61,"column":3}},"loc":{"start":{"line":62,"column":2},"end":{"line":62,"column":null}},"line":62},"5":{"name":"(anonymous_5)","decl":{"start":{"line":69,"column":2},"end":{"line":69,"column":3}},"loc":{"start":{"line":70,"column":2},"end":{"line":74,"column":null}},"line":70}},"branchMap":{},"s":{"0":1,"1":2,"2":1,"3":1,"4":2,"5":1,"6":1,"7":2,"8":1,"9":1,"10":1,"11":1,"12":1,"13":2,"14":1,"15":1,"16":1,"17":1},"f":{"0":2,"1":2,"2":2,"3":1,"4":2,"5":1},"b":{},"meta":{"lastBranch":0,"lastFunction":6,"lastStatement":18,"seen":{"s:4:13:16:Infinity":0,"f:7:2:7:3":0,"s:8:2:15:Infinity":1,"s:17:0:17:Infinity":2,"s:19:19:28:Infinity":3,"f:22:2:22:3":1,"s:23:2:27:Infinity":4,"s:29:0:29:Infinity":5,"s:31:18:43:Infinity":6,"f:34:2:34:3":2,"s:35:2:42:Infinity":7,"s:44:0:44:Infinity":8,"s:46:24:55:Infinity":9,"f:49:2:49:3":3,"s:50:2:54:Infinity":10,"s:56:0:56:Infinity":11,"s:58:20:63:Infinity":12,"f:61:2:61:3":4,"s:62:2:62:Infinity":13,"s:64:0:64:Infinity":14,"s:66:19:75:Infinity":15,"f:69:2:69:3":5,"s:70:2:74:Infinity":16,"s:76:0:76:Infinity":17}}}
,"/Users/pidan/Work/Learn/pd-ui/packages/ui/src/components/ui/carousel.tsx": {"path":"/Users/pidan/Work/Learn/pd-ui/packages/ui/src/components/ui/carousel.tsx","statementMap":{"0":{"start":{"line":33,"column":24},"end":{"line":33,"column":null}},"1":{"start":{"line":36,"column":18},"end":{"line":36,"column":null}},"2":{"start":{"line":38,"column":2},"end":{"line":40,"column":null}},"3":{"start":{"line":39,"column":4},"end":{"line":39,"column":null}},"4":{"start":{"line":42,"column":2},"end":{"line":42,"column":null}},"5":{"start":{"line":45,"column":17},"end":{"line":150,"column":null}},"6":{"start":{"line":61,"column":27},"end":{"line":67,"column":null}},"7":{"start":{"line":68,"column":46},"end":{"line":68,"column":null}},"8":{"start":{"line":69,"column":46},"end":{"line":69,"column":null}},"9":{"start":{"line":71,"column":21},"end":{"line":78,"column":null}},"10":{"start":{"line":72,"column":6},"end":{"line":74,"column":null}},"11":{"start":{"line":73,"column":8},"end":{"line":73,"column":null}},"12":{"start":{"line":76,"column":6},"end":{"line":76,"column":null}},"13":{"start":{"line":77,"column":6},"end":{"line":77,"column":null}},"14":{"start":{"line":80,"column":23},"end":{"line":82,"column":null}},"15":{"start":{"line":81,"column":6},"end":{"line":81,"column":null}},"16":{"start":{"line":84,"column":23},"end":{"line":86,"column":null}},"17":{"start":{"line":85,"column":6},"end":{"line":85,"column":null}},"18":{"start":{"line":88,"column":26},"end":{"line":99,"column":null}},"19":{"start":{"line":90,"column":8},"end":{"line":96,"column":null}},"20":{"start":{"line":91,"column":10},"end":{"line":91,"column":null}},"21":{"start":{"line":92,"column":10},"end":{"line":92,"column":null}},"22":{"start":{"line":93,"column":8},"end":{"line":96,"column":null}},"23":{"start":{"line":94,"column":10},"end":{"line":94,"column":null}},"24":{"start":{"line":95,"column":10},"end":{"line":95,"column":null}},"25":{"start":{"line":101,"column":4},"end":{"line":107,"column":null}},"26":{"start":{"line":102,"column":6},"end":{"line":104,"column":null}},"27":{"start":{"line":103,"column":8},"end":{"line":103,"column":null}},"28":{"start":{"line":106,"column":6},"end":{"line":106,"column":null}},"29":{"start":{"line":109,"column":4},"end":{"line":121,"column":null}},"30":{"start":{"line":110,"column":6},"end":{"line":112,"column":null}},"31":{"start":{"line":111,"column":8},"end":{"line":111,"column":null}},"32":{"start":{"line":114,"column":6},"end":{"line":114,"column":null}},"33":{"start":{"line":115,"column":6},"end":{"line":115,"column":null}},"34":{"start":{"line":116,"column":6},"end":{"line":116,"column":null}},"35":{"start":{"line":118,"column":6},"end":{"line":120,"column":null}},"36":{"start":{"line":119,"column":8},"end":{"line":119,"column":null}},"37":{"start":{"line":123,"column":4},"end":{"line":147,"column":null}},"38":{"start":{"line":151,"column":0},"end":{"line":151,"column":null}},"39":{"start":{"line":153,"column":24},"end":{"line":172,"column":null}},"40":{"start":{"line":157,"column":39},"end":{"line":157,"column":null}},"41":{"start":{"line":159,"column":2},"end":{"line":170,"column":null}},"42":{"start":{"line":173,"column":0},"end":{"line":173,"column":null}},"43":{"start":{"line":175,"column":21},"end":{"line":194,"column":null}},"44":{"start":{"line":179,"column":26},"end":{"line":179,"column":null}},"45":{"start":{"line":181,"column":2},"end":{"line":192,"column":null}},"46":{"start":{"line":195,"column":0},"end":{"line":195,"column":null}},"47":{"start":{"line":197,"column":25},"end":{"line":223,"column":null}},"48":{"start":{"line":201,"column":53},"end":{"line":201,"column":null}},"49":{"start":{"line":203,"column":2},"end":{"line":221,"column":null}},"50":{"start":{"line":224,"column":0},"end":{"line":224,"column":null}},"51":{"start":{"line":226,"column":21},"end":{"line":252,"column":null}},"52":{"start":{"line":230,"column":53},"end":{"line":230,"column":null}},"53":{"start":{"line":232,"column":2},"end":{"line":250,"column":null}},"54":{"start":{"line":253,"column":0},"end":{"line":253,"column":null}}},"fnMap":{"0":{"name":"useCarousel","decl":{"start":{"line":35,"column":9},"end":{"line":35,"column":23}},"loc":{"start":{"line":35,"column":23},"end":{"line":43,"column":null}},"line":35},"1":{"name":"(anonymous_1)","decl":{"start":{"line":49,"column":2},"end":{"line":49,"column":null}},"loc":{"start":{"line":60,"column":7},"end":{"line":149,"column":null}},"line":60},"2":{"name":"(anonymous_2)","decl":{"start":{"line":71,"column":39},"end":{"line":71,"column":40}},"loc":{"start":{"line":71,"column":61},"end":{"line":78,"column":7}},"line":71},"3":{"name":"(anonymous_3)","decl":{"start":{"line":80,"column":41},"end":{"line":80,"column":47}},"loc":{"start":{"line":80,"column":47},"end":{"line":82,"column":7}},"line":80},"4":{"name":"(anonymous_4)","decl":{"start":{"line":84,"column":41},"end":{"line":84,"column":47}},"loc":{"start":{"line":84,"column":47},"end":{"line":86,"column":7}},"line":84},"5":{"name":"(anonymous_5)","decl":{"start":{"line":89,"column":6},"end":{"line":89,"column":7}},"loc":{"start":{"line":89,"column":54},"end":{"line":97,"column":null}},"line":89},"6":{"name":"(anonymous_6)","decl":{"start":{"line":101,"column":20},"end":{"line":101,"column":26}},"loc":{"start":{"line":101,"column":26},"end":{"line":107,"column":7}},"line":101},"7":{"name":"(anonymous_7)","decl":{"start":{"line":109,"column":20},"end":{"line":109,"column":26}},"loc":{"start":{"line":109,"column":26},"end":{"line":121,"column":7}},"line":109},"8":{"name":"(anonymous_8)","decl":{"start":{"line":118,"column":13},"end":{"line":118,"column":19}},"loc":{"start":{"line":118,"column":19},"end":{"line":120,"column":null}},"line":118},"9":{"name":"(anonymous_9)","decl":{"start":{"line":156,"column":2},"end":{"line":156,"column":3}},"loc":{"start":{"line":156,"column":36},"end":{"line":172,"column":1}},"line":156},"10":{"name":"(anonymous_10)","decl":{"start":{"line":178,"column":2},"end":{"line":178,"column":3}},"loc":{"start":{"line":178,"column":36},"end":{"line":194,"column":1}},"line":178},"11":{"name":"(anonymous_11)","decl":{"start":{"line":200,"column":2},"end":{"line":200,"column":3}},"loc":{"start":{"line":200,"column":72},"end":{"line":223,"column":1}},"line":200},"12":{"name":"(anonymous_12)","decl":{"start":{"line":229,"column":2},"end":{"line":229,"column":3}},"loc":{"start":{"line":229,"column":72},"end":{"line":252,"column":1}},"line":229}},"branchMap":{"0":{"loc":{"start":{"line":38,"column":2},"end":{"line":40,"column":null}},"type":"if","locations":[{"start":{"line":38,"column":2},"end":{"line":40,"column":null}},{"start":{},"end":{}}],"line":38},"1":{"loc":{"start":{"line":51,"column":6},"end":{"line":51,"column":null}},"type":"default-arg","locations":[{"start":{"line":51,"column":20},"end":{"line":51,"column":null}}],"line":51},"2":{"loc":{"start":{"line":64,"column":14},"end":{"line":64,"column":null}},"type":"cond-expr","locations":[{"start":{"line":64,"column":45},"end":{"line":64,"column":51}},{"start":{"line":64,"column":51},"end":{"line":64,"column":null}}],"line":64},"3":{"loc":{"start":{"line":72,"column":6},"end":{"line":74,"column":null}},"type":"if","locations":[{"start":{"line":72,"column":6},"end":{"line":74,"column":null}},{"start":{},"end":{}}],"line":72},"4":{"loc":{"start":{"line":90,"column":8},"end":{"line":96,"column":null}},"type":"if","locations":[{"start":{"line":90,"column":8},"end":{"line":96,"column":null}},{"start":{"line":93,"column":8},"end":{"line":96,"column":null}}],"line":90},"5":{"loc":{"start":{"line":93,"column":8},"end":{"line":96,"column":null}},"type":"if","locations":[{"start":{"line":93,"column":8},"end":{"line":96,"column":null}},{"start":{},"end":{}}],"line":93},"6":{"loc":{"start":{"line":102,"column":6},"end":{"line":104,"column":null}},"type":"if","locations":[{"start":{"line":102,"column":6},"end":{"line":104,"column":null}},{"start":{},"end":{}}],"line":102},"7":{"loc":{"start":{"line":102,"column":10},"end":{"line":102,"column":27}},"type":"binary-expr","locations":[{"start":{"line":102,"column":10},"end":{"line":102,"column":18}},{"start":{"line":102,"column":18},"end":{"line":102,"column":27}}],"line":102},"8":{"loc":{"start":{"line":110,"column":6},"end":{"line":112,"column":null}},"type":"if","locations":[{"start":{"line":110,"column":6},"end":{"line":112,"column":null}},{"start":{},"end":{}}],"line":110},"9":{"loc":{"start":{"line":130,"column":12},"end":{"line":130,"column":null}},"type":"binary-expr","locations":[{"start":{"line":130,"column":12},"end":{"line":130,"column":28}},{"start":{"line":130,"column":28},"end":{"line":130,"column":null}}],"line":130},"10":{"loc":{"start":{"line":130,"column":28},"end":{"line":130,"column":null}},"type":"cond-expr","locations":[{"start":{"line":130,"column":49},"end":{"line":130,"column":62}},{"start":{"line":130,"column":62},"end":{"line":130,"column":null}}],"line":130},"11":{"loc":{"start":{"line":165,"column":10},"end":{"line":165,"column":null}},"type":"cond-expr","locations":[{"start":{"line":165,"column":41},"end":{"line":165,"column":51}},{"start":{"line":165,"column":51},"end":{"line":165,"column":null}}],"line":165},"12":{"loc":{"start":{"line":188,"column":8},"end":{"line":188,"column":null}},"type":"cond-expr","locations":[{"start":{"line":188,"column":39},"end":{"line":188,"column":51}},{"start":{"line":188,"column":51},"end":{"line":188,"column":null}}],"line":188},"13":{"loc":{"start":{"line":200,"column":16},"end":{"line":200,"column":37}},"type":"default-arg","locations":[{"start":{"line":200,"column":26},"end":{"line":200,"column":37}}],"line":200},"14":{"loc":{"start":{"line":200,"column":37},"end":{"line":200,"column":52}},"type":"default-arg","locations":[{"start":{"line":200,"column":44},"end":{"line":200,"column":52}}],"line":200},"15":{"loc":{"start":{"line":210,"column":8},"end":{"line":212,"column":null}},"type":"cond-expr","locations":[{"start":{"line":211,"column":12},"end":{"line":211,"column":null}},{"start":{"line":212,"column":12},"end":{"line":212,"column":null}}],"line":210},"16":{"loc":{"start":{"line":229,"column":16},"end":{"line":229,"column":37}},"type":"default-arg","locations":[{"start":{"line":229,"column":26},"end":{"line":229,"column":37}}],"line":229},"17":{"loc":{"start":{"line":229,"column":37},"end":{"line":229,"column":52}},"type":"default-arg","locations":[{"start":{"line":229,"column":44},"end":{"line":229,"column":52}}],"line":229},"18":{"loc":{"start":{"line":239,"column":8},"end":{"line":241,"column":null}},"type":"cond-expr","locations":[{"start":{"line":240,"column":12},"end":{"line":240,"column":null}},{"start":{"line":241,"column":12},"end":{"line":241,"column":null}}],"line":239}},"s":{"0":1,"1":22,"2":22,"3":0,"4":22,"5":1,"6":9,"7":9,"8":9,"9":9,"10":6,"11":0,"12":6,"13":6,"14":9,"15":0,"16":9,"17":0,"18":9,"19":0,"20":0,"21":0,"22":0,"23":0,"24":0,"25":9,"26":6,"27":6,"28":0,"29":9,"30":6,"31":0,"32":6,"33":6,"34":6,"35":6,"36":6,"37":9,"38":1,"39":1,"40":6,"41":6,"42":1,"43":1,"44":8,"45":8,"46":1,"47":1,"48":4,"49":4,"50":1,"51":1,"52":4,"53":4,"54":1},"f":{"0":22,"1":9,"2":6,"3":0,"4":0,"5":0,"6":6,"7":6,"8":6,"9":6,"10":8,"11":4,"12":4},"b":{"0":[0,22],"1":[9],"2":[9,0],"3":[0,6],"4":[0,0],"5":[0,0],"6":[6,0],"7":[6,6],"8":[0,6],"9":[9,0],"10":[0,0],"11":[6,0],"12":[8,0],"13":[4],"14":[4],"15":[4,0],"16":[4],"17":[4],"18":[4,0]},"meta":{"lastBranch":19,"lastFunction":13,"lastStatement":55,"seen":{"s:33:24:33:Infinity":0,"f:35:9:35:23":0,"s:36:18:36:Infinity":1,"b:38:2:40:Infinity:undefined:undefined:undefined:undefined":0,"s:38:2:40:Infinity":2,"s:39:4:39:Infinity":3,"s:42:2:42:Infinity":4,"s:45:17:150:Infinity":5,"f:49:2:49:Infinity":1,"b:51:20:51:Infinity":1,"s:61:27:67:Infinity":6,"b:64:45:64:51:64:51:64:Infinity":2,"s:68:46:68:Infinity":7,"s:69:46:69:Infinity":8,"s:71:21:78:Infinity":9,"f:71:39:71:40":2,"b:72:6:74:Infinity:undefined:undefined:undefined:undefined":3,"s:72:6:74:Infinity":10,"s:73:8:73:Infinity":11,"s:76:6:76:Infinity":12,"s:77:6:77:Infinity":13,"s:80:23:82:Infinity":14,"f:80:41:80:47":3,"s:81:6:81:Infinity":15,"s:84:23:86:Infinity":16,"f:84:41:84:47":4,"s:85:6:85:Infinity":17,"s:88:26:99:Infinity":18,"f:89:6:89:7":5,"b:90:8:96:Infinity:93:8:96:Infinity":4,"s:90:8:96:Infinity":19,"s:91:10:91:Infinity":20,"s:92:10:92:Infinity":21,"b:93:8:96:Infinity:undefined:undefined:undefined:undefined":5,"s:93:8:96:Infinity":22,"s:94:10:94:Infinity":23,"s:95:10:95:Infinity":24,"s:101:4:107:Infinity":25,"f:101:20:101:26":6,"b:102:6:104:Infinity:undefined:undefined:undefined:undefined":6,"s:102:6:104:Infinity":26,"b:102:10:102:18:102:18:102:27":7,"s:103:8:103:Infinity":27,"s:106:6:106:Infinity":28,"s:109:4:121:Infinity":29,"f:109:20:109:26":7,"b:110:6:112:Infinity:undefined:undefined:undefined:undefined":8,"s:110:6:112:Infinity":30,"s:111:8:111:Infinity":31,"s:114:6:114:Infinity":32,"s:115:6:115:Infinity":33,"s:116:6:116:Infinity":34,"s:118:6:120:Infinity":35,"f:118:13:118:19":8,"s:119:8:119:Infinity":36,"s:123:4:147:Infinity":37,"b:130:12:130:28:130:28:130:Infinity":9,"b:130:49:130:62:130:62:130:Infinity":10,"s:151:0:151:Infinity":38,"s:153:24:172:Infinity":39,"f:156:2:156:3":9,"s:157:39:157:Infinity":40,"s:159:2:170:Infinity":41,"b:165:41:165:51:165:51:165:Infinity":11,"s:173:0:173:Infinity":42,"s:175:21:194:Infinity":43,"f:178:2:178:3":10,"s:179:26:179:Infinity":44,"s:181:2:192:Infinity":45,"b:188:39:188:51:188:51:188:Infinity":12,"s:195:0:195:Infinity":46,"s:197:25:223:Infinity":47,"f:200:2:200:3":11,"b:200:26:200:37":13,"b:200:44:200:52":14,"s:201:53:201:Infinity":48,"s:203:2:221:Infinity":49,"b:211:12:211:Infinity:212:12:212:Infinity":15,"s:224:0:224:Infinity":50,"s:226:21:252:Infinity":51,"f:229:2:229:3":12,"b:229:26:229:37":16,"b:229:44:229:52":17,"s:230:53:230:Infinity":52,"s:232:2:250:Infinity":53,"b:240:12:240:Infinity:241:12:241:Infinity":18,"s:253:0:253:Infinity":54}}}
,"/Users/pidan/Work/Learn/pd-ui/packages/ui/src/components/ui/checkbox.tsx": {"path":"/Users/pidan/Work/Learn/pd-ui/packages/ui/src/components/ui/checkbox.tsx","statementMap":{"0":{"start":{"line":7,"column":17},"end":{"line":25,"column":null}},"1":{"start":{"line":11,"column":2},"end":{"line":24,"column":null}},"2":{"start":{"line":26,"column":0},"end":{"line":26,"column":null}}},"fnMap":{"0":{"name":"(anonymous_0)","decl":{"start":{"line":10,"column":2},"end":{"line":10,"column":3}},"loc":{"start":{"line":11,"column":2},"end":{"line":24,"column":null}},"line":11}},"branchMap":{},"s":{"0":1,"1":3,"2":1},"f":{"0":3},"b":{},"meta":{"lastBranch":0,"lastFunction":1,"lastStatement":3,"seen":{"s:7:17:25:Infinity":0,"f:10:2:10:3":0,"s:11:2:24:Infinity":1,"s:26:0:26:Infinity":2}}}
,"/Users/pidan/Work/Learn/pd-ui/packages/ui/src/components/ui/command.tsx": {"path":"/Users/pidan/Work/Learn/pd-ui/packages/ui/src/components/ui/command.tsx","statementMap":{"0":{"start":{"line":11,"column":16},"end":{"line":23,"column":null}},"1":{"start":{"line":15,"column":2},"end":{"line":22,"column":null}},"2":{"start":{"line":24,"column":0},"end":{"line":24,"column":null}},"3":{"start":{"line":26,"column":22},"end":{"line":36,"column":null}},"4":{"start":{"line":27,"column":2},"end":{"line":34,"column":null}},"5":{"start":{"line":38,"column":21},"end":{"line":53,"column":null}},"6":{"start":{"line":42,"column":2},"end":{"line":52,"column":null}},"7":{"start":{"line":55,"column":0},"end":{"line":55,"column":null}},"8":{"start":{"line":57,"column":20},"end":{"line":66,"column":null}},"9":{"start":{"line":61,"column":2},"end":{"line":65,"column":null}},"10":{"start":{"line":68,"column":0},"end":{"line":68,"column":null}},"11":{"start":{"line":70,"column":21},"end":{"line":79,"column":null}},"12":{"start":{"line":74,"column":2},"end":{"line":78,"column":null}},"13":{"start":{"line":81,"column":0},"end":{"line":81,"column":null}},"14":{"start":{"line":83,"column":21},"end":{"line":95,"column":null}},"15":{"start":{"line":87,"column":2},"end":{"line":94,"column":null}},"16":{"start":{"line":97,"column":0},"end":{"line":97,"column":null}},"17":{"start":{"line":99,"column":25},"end":{"line":108,"column":null}},"18":{"start":{"line":103,"column":2},"end":{"line":107,"column":null}},"19":{"start":{"line":109,"column":0},"end":{"line":109,"column":null}},"20":{"start":{"line":111,"column":20},"end":{"line":123,"column":null}},"21":{"start":{"line":115,"column":2},"end":{"line":122,"column":null}},"22":{"start":{"line":125,"column":0},"end":{"line":125,"column":null}},"23":{"start":{"line":127,"column":24},"end":{"line":140,"column":null}},"24":{"start":{"line":131,"column":2},"end":{"line":138,"column":null}},"25":{"start":{"line":141,"column":0},"end":{"line":141,"column":null}}},"fnMap":{"0":{"name":"(anonymous_0)","decl":{"start":{"line":14,"column":2},"end":{"line":14,"column":3}},"loc":{"start":{"line":15,"column":2},"end":{"line":22,"column":null}},"line":15},"1":{"name":"(anonymous_1)","decl":{"start":{"line":26,"column":22},"end":{"line":26,"column":23}},"loc":{"start":{"line":26,"column":63},"end":{"line":36,"column":null}},"line":26},"2":{"name":"(anonymous_2)","decl":{"start":{"line":41,"column":2},"end":{"line":41,"column":3}},"loc":{"start":{"line":42,"column":2},"end":{"line":52,"column":null}},"line":42},"3":{"name":"(anonymous_3)","decl":{"start":{"line":60,"column":2},"end":{"line":60,"column":3}},"loc":{"start":{"line":61,"column":2},"end":{"line":65,"column":null}},"line":61},"4":{"name":"(anonymous_4)","decl":{"start":{"line":73,"column":2},"end":{"line":73,"column":3}},"loc":{"start":{"line":74,"column":2},"end":{"line":78,"column":null}},"line":74},"5":{"name":"(anonymous_5)","decl":{"start":{"line":86,"column":2},"end":{"line":86,"column":3}},"loc":{"start":{"line":87,"column":2},"end":{"line":94,"column":null}},"line":87},"6":{"name":"(anonymous_6)","decl":{"start":{"line":102,"column":2},"end":{"line":102,"column":3}},"loc":{"start":{"line":103,"column":2},"end":{"line":107,"column":null}},"line":103},"7":{"name":"(anonymous_7)","decl":{"start":{"line":114,"column":2},"end":{"line":114,"column":3}},"loc":{"start":{"line":115,"column":2},"end":{"line":122,"column":null}},"line":115},"8":{"name":"(anonymous_8)","decl":{"start":{"line":127,"column":24},"end":{"line":127,"column":25}},"loc":{"start":{"line":130,"column":45},"end":{"line":140,"column":null}},"line":130}},"branchMap":{},"s":{"0":1,"1":2,"2":1,"3":1,"4":0,"5":1,"6":2,"7":1,"8":1,"9":2,"10":1,"11":1,"12":1,"13":1,"14":1,"15":1,"16":1,"17":1,"18":0,"19":1,"20":1,"21":3,"22":1,"23":1,"24":0,"25":1},"f":{"0":2,"1":0,"2":2,"3":2,"4":1,"5":1,"6":0,"7":3,"8":0},"b":{},"meta":{"lastBranch":0,"lastFunction":9,"lastStatement":26,"seen":{"s:11:16:23:Infinity":0,"f:14:2:14:3":0,"s:15:2:22:Infinity":1,"s:24:0:24:Infinity":2,"s:26:22:36:Infinity":3,"f:26:22:26:23":1,"s:27:2:34:Infinity":4,"s:38:21:53:Infinity":5,"f:41:2:41:3":2,"s:42:2:52:Infinity":6,"s:55:0:55:Infinity":7,"s:57:20:66:Infinity":8,"f:60:2:60:3":3,"s:61:2:65:Infinity":9,"s:68:0:68:Infinity":10,"s:70:21:79:Infinity":11,"f:73:2:73:3":4,"s:74:2:78:Infinity":12,"s:81:0:81:Infinity":13,"s:83:21:95:Infinity":14,"f:86:2:86:3":5,"s:87:2:94:Infinity":15,"s:97:0:97:Infinity":16,"s:99:25:108:Infinity":17,"f:102:2:102:3":6,"s:103:2:107:Infinity":18,"s:109:0:109:Infinity":19,"s:111:20:123:Infinity":20,"f:114:2:114:3":7,"s:115:2:122:Infinity":21,"s:125:0:125:Infinity":22,"s:127:24:140:Infinity":23,"f:127:24:127:25":8,"s:131:2:138:Infinity":24,"s:141:0:141:Infinity":25}}}
,"/Users/pidan/Work/Learn/pd-ui/packages/ui/src/components/ui/context-menu.tsx": {"path":"/Users/pidan/Work/Learn/pd-ui/packages/ui/src/components/ui/context-menu.tsx","statementMap":{"0":{"start":{"line":9,"column":20},"end":{"line":9,"column":null}},"1":{"start":{"line":11,"column":27},"end":{"line":11,"column":null}},"2":{"start":{"line":13,"column":25},"end":{"line":13,"column":null}},"3":{"start":{"line":15,"column":26},"end":{"line":15,"column":null}},"4":{"start":{"line":17,"column":23},"end":{"line":17,"column":null}},"5":{"start":{"line":19,"column":30},"end":{"line":19,"column":null}},"6":{"start":{"line":21,"column":30},"end":{"line":39,"column":null}},"7":{"start":{"line":27,"column":2},"end":{"line":38,"column":null}},"8":{"start":{"line":40,"column":0},"end":{"line":40,"column":null}},"9":{"start":{"line":42,"column":30},"end":{"line":54,"column":null}},"10":{"start":{"line":46,"column":2},"end":{"line":53,"column":null}},"11":{"start":{"line":55,"column":0},"end":{"line":55,"column":null}},"12":{"start":{"line":57,"column":27},"end":{"line":71,"column":null}},"13":{"start":{"line":61,"column":2},"end":{"line":70,"column":null}},"14":{"start":{"line":72,"column":0},"end":{"line":72,"column":null}},"15":{"start":{"line":74,"column":24},"end":{"line":89,"column":null}},"16":{"start":{"line":80,"column":2},"end":{"line":88,"column":null}},"17":{"start":{"line":90,"column":0},"end":{"line":90,"column":null}},"18":{"start":{"line":92,"column":32},"end":{"line":112,"column":null}},"19":{"start":{"line":96,"column":2},"end":{"line":111,"column":null}},"20":{"start":{"line":113,"column":0},"end":{"line":114,"column":null}},"21":{"start":{"line":116,"column":29},"end":{"line":135,"column":null}},"22":{"start":{"line":120,"column":2},"end":{"line":134,"column":null}},"23":{"start":{"line":136,"column":0},"end":{"line":136,"column":null}},"24":{"start":{"line":138,"column":25},"end":{"line":153,"column":null}},"25":{"start":{"line":144,"column":2},"end":{"line":152,"column":null}},"26":{"start":{"line":154,"column":0},"end":{"line":154,"column":null}},"27":{"start":{"line":156,"column":29},"end":{"line":165,"column":null}},"28":{"start":{"line":160,"column":2},"end":{"line":164,"column":null}},"29":{"start":{"line":166,"column":0},"end":{"line":166,"column":null}},"30":{"start":{"line":168,"column":28},"end":{"line":181,"column":null}},"31":{"start":{"line":172,"column":2},"end":{"line":179,"column":null}},"32":{"start":{"line":182,"column":0},"end":{"line":182,"column":null}}},"fnMap":{"0":{"name":"(anonymous_0)","decl":{"start":{"line":26,"column":2},"end":{"line":26,"column":3}},"loc":{"start":{"line":27,"column":2},"end":{"line":38,"column":null}},"line":27},"1":{"name":"(anonymous_1)","decl":{"start":{"line":45,"column":2},"end":{"line":45,"column":3}},"loc":{"start":{"line":46,"column":2},"end":{"line":53,"column":null}},"line":46},"2":{"name":"(anonymous_2)","decl":{"start":{"line":60,"column":2},"end":{"line":60,"column":3}},"loc":{"start":{"line":61,"column":2},"end":{"line":70,"column":null}},"line":61},"3":{"name":"(anonymous_3)","decl":{"start":{"line":79,"column":2},"end":{"line":79,"column":3}},"loc":{"start":{"line":80,"column":2},"end":{"line":88,"column":null}},"line":80},"4":{"name":"(anonymous_4)","decl":{"start":{"line":95,"column":2},"end":{"line":95,"column":3}},"loc":{"start":{"line":96,"column":2},"end":{"line":111,"column":null}},"line":96},"5":{"name":"(anonymous_5)","decl":{"start":{"line":119,"column":2},"end":{"line":119,"column":3}},"loc":{"start":{"line":120,"column":2},"end":{"line":134,"column":null}},"line":120},"6":{"name":"(anonymous_6)","decl":{"start":{"line":143,"column":2},"end":{"line":143,"column":3}},"loc":{"start":{"line":144,"column":2},"end":{"line":152,"column":null}},"line":144},"7":{"name":"(anonymous_7)","decl":{"start":{"line":159,"column":2},"end":{"line":159,"column":3}},"loc":{"start":{"line":160,"column":2},"end":{"line":164,"column":null}},"line":160},"8":{"name":"(anonymous_8)","decl":{"start":{"line":168,"column":28},"end":{"line":168,"column":29}},"loc":{"start":{"line":171,"column":45},"end":{"line":181,"column":null}},"line":171}},"branchMap":{"0":{"loc":{"start":{"line":31,"column":6},"end":{"line":31,"column":null}},"type":"binary-expr","locations":[{"start":{"line":31,"column":6},"end":{"line":31,"column":15}},{"start":{"line":31,"column":15},"end":{"line":31,"column":null}}],"line":31},"1":{"loc":{"start":{"line":84,"column":6},"end":{"line":84,"column":null}},"type":"binary-expr","locations":[{"start":{"line":84,"column":6},"end":{"line":84,"column":15}},{"start":{"line":84,"column":15},"end":{"line":84,"column":null}}],"line":84},"2":{"loc":{"start":{"line":148,"column":6},"end":{"line":148,"column":null}},"type":"binary-expr","locations":[{"start":{"line":148,"column":6},"end":{"line":148,"column":15}},{"start":{"line":148,"column":15},"end":{"line":148,"column":null}}],"line":148}},"s":{"0":1,"1":1,"2":1,"3":1,"4":1,"5":1,"6":1,"7":0,"8":1,"9":1,"10":0,"11":1,"12":1,"13":2,"14":1,"15":1,"16":1,"17":1,"18":1,"19":0,"20":1,"21":1,"22":0,"23":1,"24":1,"25":0,"26":1,"27":1,"28":0,"29":1,"30":1,"31":0,"32":1},"f":{"0":0,"1":0,"2":2,"3":1,"4":0,"5":0,"6":0,"7":0,"8":0},"b":{"0":[0,0],"1":[1,0],"2":[0,0]},"meta":{"lastBranch":3,"lastFunction":9,"lastStatement":33,"seen":{"s:9:20:9:Infinity":0,"s:11:27:11:Infinity":1,"s:13:25:13:Infinity":2,"s:15:26:15:Infinity":3,"s:17:23:17:Infinity":4,"s:19:30:19:Infinity":5,"s:21:30:39:Infinity":6,"f:26:2:26:3":0,"s:27:2:38:Infinity":7,"b:31:6:31:15:31:15:31:Infinity":0,"s:40:0:40:Infinity":8,"s:42:30:54:Infinity":9,"f:45:2:45:3":1,"s:46:2:53:Infinity":10,"s:55:0:55:Infinity":11,"s:57:27:71:Infinity":12,"f:60:2:60:3":2,"s:61:2:70:Infinity":13,"s:72:0:72:Infinity":14,"s:74:24:89:Infinity":15,"f:79:2:79:3":3,"s:80:2:88:Infinity":16,"b:84:6:84:15:84:15:84:Infinity":1,"s:90:0:90:Infinity":17,"s:92:32:112:Infinity":18,"f:95:2:95:3":4,"s:96:2:111:Infinity":19,"s:113:0:114:Infinity":20,"s:116:29:135:Infinity":21,"f:119:2:119:3":5,"s:120:2:134:Infinity":22,"s:136:0:136:Infinity":23,"s:138:25:153:Infinity":24,"f:143:2:143:3":6,"s:144:2:152:Infinity":25,"b:148:6:148:15:148:15:148:Infinity":2,"s:154:0:154:Infinity":26,"s:156:29:165:Infinity":27,"f:159:2:159:3":7,"s:160:2:164:Infinity":28,"s:166:0:166:Infinity":29,"s:168:28:181:Infinity":30,"f:168:28:168:29":8,"s:172:2:179:Infinity":31,"s:182:0:182:Infinity":32}}}
,"/Users/pidan/Work/Learn/pd-ui/packages/ui/src/components/ui/dialog.tsx": {"path":"/Users/pidan/Work/Learn/pd-ui/packages/ui/src/components/ui/dialog.tsx","statementMap":{"0":{"start":{"line":7,"column":15},"end":{"line":7,"column":null}},"1":{"start":{"line":9,"column":22},"end":{"line":9,"column":null}},"2":{"start":{"line":11,"column":21},"end":{"line":11,"column":null}},"3":{"start":{"line":13,"column":20},"end":{"line":13,"column":null}},"4":{"start":{"line":15,"column":22},"end":{"line":27,"column":null}},"5":{"start":{"line":19,"column":2},"end":{"line":26,"column":null}},"6":{"start":{"line":28,"column":0},"end":{"line":28,"column":null}},"7":{"start":{"line":30,"column":22},"end":{"line":51,"column":null}},"8":{"start":{"line":34,"column":2},"end":{"line":50,"column":null}},"9":{"start":{"line":52,"column":0},"end":{"line":52,"column":null}},"10":{"start":{"line":54,"column":21},"end":{"line":64,"column":null}},"11":{"start":{"line":58,"column":2},"end":{"line":64,"column":null}},"12":{"start":{"line":66,"column":0},"end":{"line":66,"column":null}},"13":{"start":{"line":68,"column":21},"end":{"line":78,"column":null}},"14":{"start":{"line":72,"column":2},"end":{"line":78,"column":null}},"15":{"start":{"line":80,"column":0},"end":{"line":80,"column":null}},"16":{"start":{"line":82,"column":20},"end":{"line":94,"column":null}},"17":{"start":{"line":86,"column":2},"end":{"line":93,"column":null}},"18":{"start":{"line":95,"column":0},"end":{"line":95,"column":null}},"19":{"start":{"line":97,"column":26},"end":{"line":106,"column":null}},"20":{"start":{"line":101,"column":2},"end":{"line":105,"column":null}},"21":{"start":{"line":107,"column":0},"end":{"line":107,"column":null}}},"fnMap":{"0":{"name":"(anonymous_0)","decl":{"start":{"line":18,"column":2},"end":{"line":18,"column":3}},"loc":{"start":{"line":19,"column":2},"end":{"line":26,"column":null}},"line":19},"1":{"name":"(anonymous_1)","decl":{"start":{"line":33,"column":2},"end":{"line":33,"column":3}},"loc":{"start":{"line":34,"column":2},"end":{"line":50,"column":null}},"line":34},"2":{"name":"(anonymous_2)","decl":{"start":{"line":54,"column":21},"end":{"line":54,"column":22}},"loc":{"start":{"line":58,"column":2},"end":{"line":64,"column":null}},"line":58},"3":{"name":"(anonymous_3)","decl":{"start":{"line":68,"column":21},"end":{"line":68,"column":22}},"loc":{"start":{"line":72,"column":2},"end":{"line":78,"column":null}},"line":72},"4":{"name":"(anonymous_4)","decl":{"start":{"line":85,"column":2},"end":{"line":85,"column":3}},"loc":{"start":{"line":86,"column":2},"end":{"line":93,"column":null}},"line":86},"5":{"name":"(anonymous_5)","decl":{"start":{"line":100,"column":2},"end":{"line":100,"column":3}},"loc":{"start":{"line":101,"column":2},"end":{"line":105,"column":null}},"line":101}},"branchMap":{},"s":{"0":2,"1":2,"2":2,"3":2,"4":2,"5":4,"6":2,"7":2,"8":2,"9":2,"10":2,"11":2,"12":2,"13":2,"14":1,"15":2,"16":2,"17":2,"18":2,"19":2,"20":2,"21":2},"f":{"0":4,"1":2,"2":2,"3":1,"4":2,"5":2},"b":{},"meta":{"lastBranch":0,"lastFunction":6,"lastStatement":22,"seen":{"s:7:15:7:Infinity":0,"s:9:22:9:Infinity":1,"s:11:21:11:Infinity":2,"s:13:20:13:Infinity":3,"s:15:22:27:Infinity":4,"f:18:2:18:3":0,"s:19:2:26:Infinity":5,"s:28:0:28:Infinity":6,"s:30:22:51:Infinity":7,"f:33:2:33:3":1,"s:34:2:50:Infinity":8,"s:52:0:52:Infinity":9,"s:54:21:64:Infinity":10,"f:54:21:54:22":2,"s:58:2:64:Infinity":11,"s:66:0:66:Infinity":12,"s:68:21:78:Infinity":13,"f:68:21:68:22":3,"s:72:2:78:Infinity":14,"s:80:0:80:Infinity":15,"s:82:20:94:Infinity":16,"f:85:2:85:3":4,"s:86:2:93:Infinity":17,"s:95:0:95:Infinity":18,"s:97:26:106:Infinity":19,"f:100:2:100:3":5,"s:101:2:105:Infinity":20,"s:107:0:107:Infinity":21}}}
,"/Users/pidan/Work/Learn/pd-ui/packages/ui/src/components/ui/dropdown-menu.tsx": {"path":"/Users/pidan/Work/Learn/pd-ui/packages/ui/src/components/ui/dropdown-menu.tsx","statementMap":{"0":{"start":{"line":7,"column":21},"end":{"line":7,"column":null}},"1":{"start":{"line":9,"column":28},"end":{"line":9,"column":null}},"2":{"start":{"line":11,"column":26},"end":{"line":11,"column":null}},"3":{"start":{"line":13,"column":27},"end":{"line":13,"column":null}},"4":{"start":{"line":15,"column":24},"end":{"line":15,"column":null}},"5":{"start":{"line":17,"column":31},"end":{"line":17,"column":null}},"6":{"start":{"line":19,"column":31},"end":{"line":37,"column":null}},"7":{"start":{"line":25,"column":2},"end":{"line":36,"column":null}},"8":{"start":{"line":38,"column":0},"end":{"line":39,"column":null}},"9":{"start":{"line":41,"column":31},"end":{"line":53,"column":null}},"10":{"start":{"line":45,"column":2},"end":{"line":52,"column":null}},"11":{"start":{"line":54,"column":0},"end":{"line":55,"column":null}},"12":{"start":{"line":57,"column":28},"end":{"line":72,"column":null}},"13":{"start":{"line":61,"column":2},"end":{"line":71,"column":null}},"14":{"start":{"line":73,"column":0},"end":{"line":73,"column":null}},"15":{"start":{"line":75,"column":25},"end":{"line":90,"column":null}},"16":{"start":{"line":81,"column":2},"end":{"line":89,"column":null}},"17":{"start":{"line":91,"column":0},"end":{"line":91,"column":null}},"18":{"start":{"line":93,"column":33},"end":{"line":113,"column":null}},"19":{"start":{"line":97,"column":2},"end":{"line":112,"column":null}},"20":{"start":{"line":114,"column":0},"end":{"line":115,"column":null}},"21":{"start":{"line":117,"column":30},"end":{"line":136,"column":null}},"22":{"start":{"line":121,"column":2},"end":{"line":135,"column":null}},"23":{"start":{"line":137,"column":0},"end":{"line":137,"column":null}},"24":{"start":{"line":139,"column":26},"end":{"line":154,"column":null}},"25":{"start":{"line":145,"column":2},"end":{"line":153,"column":null}},"26":{"start":{"line":155,"column":0},"end":{"line":155,"column":null}},"27":{"start":{"line":157,"column":30},"end":{"line":166,"column":null}},"28":{"start":{"line":161,"column":2},"end":{"line":165,"column":null}},"29":{"start":{"line":167,"column":0},"end":{"line":167,"column":null}},"30":{"start":{"line":169,"column":29},"end":{"line":179,"column":null}},"31":{"start":{"line":173,"column":2},"end":{"line":177,"column":null}},"32":{"start":{"line":180,"column":0},"end":{"line":180,"column":null}}},"fnMap":{"0":{"name":"(anonymous_0)","decl":{"start":{"line":24,"column":2},"end":{"line":24,"column":3}},"loc":{"start":{"line":25,"column":2},"end":{"line":36,"column":null}},"line":25},"1":{"name":"(anonymous_1)","decl":{"start":{"line":44,"column":2},"end":{"line":44,"column":3}},"loc":{"start":{"line":45,"column":2},"end":{"line":52,"column":null}},"line":45},"2":{"name":"(anonymous_2)","decl":{"start":{"line":60,"column":2},"end":{"line":60,"column":3}},"loc":{"start":{"line":61,"column":2},"end":{"line":71,"column":null}},"line":61},"3":{"name":"(anonymous_3)","decl":{"start":{"line":80,"column":2},"end":{"line":80,"column":3}},"loc":{"start":{"line":81,"column":2},"end":{"line":89,"column":null}},"line":81},"4":{"name":"(anonymous_4)","decl":{"start":{"line":96,"column":2},"end":{"line":96,"column":3}},"loc":{"start":{"line":97,"column":2},"end":{"line":112,"column":null}},"line":97},"5":{"name":"(anonymous_5)","decl":{"start":{"line":120,"column":2},"end":{"line":120,"column":3}},"loc":{"start":{"line":121,"column":2},"end":{"line":135,"column":null}},"line":121},"6":{"name":"(anonymous_6)","decl":{"start":{"line":144,"column":2},"end":{"line":144,"column":3}},"loc":{"start":{"line":145,"column":2},"end":{"line":153,"column":null}},"line":145},"7":{"name":"(anonymous_7)","decl":{"start":{"line":160,"column":2},"end":{"line":160,"column":3}},"loc":{"start":{"line":161,"column":2},"end":{"line":165,"column":null}},"line":161},"8":{"name":"(anonymous_8)","decl":{"start":{"line":169,"column":29},"end":{"line":169,"column":30}},"loc":{"start":{"line":172,"column":45},"end":{"line":179,"column":null}},"line":172}},"branchMap":{"0":{"loc":{"start":{"line":29,"column":6},"end":{"line":29,"column":null}},"type":"binary-expr","locations":[{"start":{"line":29,"column":6},"end":{"line":29,"column":15}},{"start":{"line":29,"column":15},"end":{"line":29,"column":null}}],"line":29},"1":{"loc":{"start":{"line":60,"column":16},"end":{"line":60,"column":32}},"type":"default-arg","locations":[{"start":{"line":60,"column":29},"end":{"line":60,"column":32}}],"line":60},"2":{"loc":{"start":{"line":85,"column":6},"end":{"line":85,"column":null}},"type":"binary-expr","locations":[{"start":{"line":85,"column":6},"end":{"line":85,"column":15}},{"start":{"line":85,"column":15},"end":{"line":85,"column":null}}],"line":85},"3":{"loc":{"start":{"line":149,"column":6},"end":{"line":149,"column":null}},"type":"binary-expr","locations":[{"start":{"line":149,"column":6},"end":{"line":149,"column":15}},{"start":{"line":149,"column":15},"end":{"line":149,"column":null}}],"line":149}},"s":{"0":1,"1":1,"2":1,"3":1,"4":1,"5":1,"6":1,"7":0,"8":1,"9":1,"10":0,"11":1,"12":1,"13":2,"14":1,"15":1,"16":1,"17":1,"18":1,"19":0,"20":1,"21":1,"22":0,"23":1,"24":1,"25":0,"26":1,"27":1,"28":0,"29":1,"30":1,"31":0,"32":1},"f":{"0":0,"1":0,"2":2,"3":1,"4":0,"5":0,"6":0,"7":0,"8":0},"b":{"0":[0,0],"1":[2],"2":[1,0],"3":[0,0]},"meta":{"lastBranch":4,"lastFunction":9,"lastStatement":33,"seen":{"s:7:21:7:Infinity":0,"s:9:28:9:Infinity":1,"s:11:26:11:Infinity":2,"s:13:27:13:Infinity":3,"s:15:24:15:Infinity":4,"s:17:31:17:Infinity":5,"s:19:31:37:Infinity":6,"f:24:2:24:3":0,"s:25:2:36:Infinity":7,"b:29:6:29:15:29:15:29:Infinity":0,"s:38:0:39:Infinity":8,"s:41:31:53:Infinity":9,"f:44:2:44:3":1,"s:45:2:52:Infinity":10,"s:54:0:55:Infinity":11,"s:57:28:72:Infinity":12,"f:60:2:60:3":2,"s:61:2:71:Infinity":13,"b:60:29:60:32":1,"s:73:0:73:Infinity":14,"s:75:25:90:Infinity":15,"f:80:2:80:3":3,"s:81:2:89:Infinity":16,"b:85:6:85:15:85:15:85:Infinity":2,"s:91:0:91:Infinity":17,"s:93:33:113:Infinity":18,"f:96:2:96:3":4,"s:97:2:112:Infinity":19,"s:114:0:115:Infinity":20,"s:117:30:136:Infinity":21,"f:120:2:120:3":5,"s:121:2:135:Infinity":22,"s:137:0:137:Infinity":23,"s:139:26:154:Infinity":24,"f:144:2:144:3":6,"s:145:2:153:Infinity":25,"b:149:6:149:15:149:15:149:Infinity":3,"s:155:0:155:Infinity":26,"s:157:30:166:Infinity":27,"f:160:2:160:3":7,"s:161:2:165:Infinity":28,"s:167:0:167:Infinity":29,"s:169:29:179:Infinity":30,"f:169:29:169:30":8,"s:173:2:177:Infinity":31,"s:180:0:180:Infinity":32}}}
,"/Users/pidan/Work/Learn/pd-ui/packages/ui/src/components/ui/form.tsx": {"path":"/Users/pidan/Work/Learn/pd-ui/packages/ui/src/components/ui/form.tsx","statementMap":{"0":{"start":{"line":16,"column":13},"end":{"line":16,"column":null}},"1":{"start":{"line":25,"column":25},"end":{"line":27,"column":null}},"2":{"start":{"line":29,"column":18},"end":{"line":40,"column":null}},"3":{"start":{"line":35,"column":2},"end":{"line":38,"column":null}},"4":{"start":{"line":42,"column":21},"end":{"line":63,"column":null}},"5":{"start":{"line":43,"column":23},"end":{"line":43,"column":null}},"6":{"start":{"line":44,"column":22},"end":{"line":44,"column":null}},"7":{"start":{"line":45,"column":35},"end":{"line":45,"column":null}},"8":{"start":{"line":47,"column":21},"end":{"line":47,"column":null}},"9":{"start":{"line":49,"column":2},"end":{"line":51,"column":null}},"10":{"start":{"line":50,"column":4},"end":{"line":50,"column":null}},"11":{"start":{"line":53,"column":17},"end":{"line":53,"column":null}},"12":{"start":{"line":55,"column":2},"end":{"line":62,"column":null}},"13":{"start":{"line":69,"column":24},"end":{"line":71,"column":null}},"14":{"start":{"line":73,"column":17},"end":{"line":84,"column":null}},"15":{"start":{"line":77,"column":13},"end":{"line":77,"column":null}},"16":{"start":{"line":79,"column":2},"end":{"line":82,"column":null}},"17":{"start":{"line":85,"column":0},"end":{"line":85,"column":null}},"18":{"start":{"line":87,"column":18},"end":{"line":101,"column":null}},"19":{"start":{"line":91,"column":32},"end":{"line":91,"column":null}},"20":{"start":{"line":93,"column":2},"end":{"line":99,"column":null}},"21":{"start":{"line":102,"column":0},"end":{"line":102,"column":null}},"22":{"start":{"line":104,"column":20},"end":{"line":123,"column":null}},"23":{"start":{"line":108,"column":66},"end":{"line":108,"column":null}},"24":{"start":{"line":110,"column":2},"end":{"line":121,"column":null}},"25":{"start":{"line":124,"column":0},"end":{"line":124,"column":null}},"26":{"start":{"line":126,"column":24},"end":{"line":140,"column":null}},"27":{"start":{"line":130,"column":32},"end":{"line":130,"column":null}},"28":{"start":{"line":132,"column":2},"end":{"line":138,"column":null}},"29":{"start":{"line":141,"column":0},"end":{"line":141,"column":null}},"30":{"start":{"line":143,"column":20},"end":{"line":164,"column":null}},"31":{"start":{"line":147,"column":35},"end":{"line":147,"column":null}},"32":{"start":{"line":148,"column":15},"end":{"line":148,"column":null}},"33":{"start":{"line":150,"column":2},"end":{"line":152,"column":null}},"34":{"start":{"line":151,"column":4},"end":{"line":151,"column":null}},"35":{"start":{"line":154,"column":2},"end":{"line":162,"column":null}},"36":{"start":{"line":165,"column":0},"end":{"line":165,"column":null}}},"fnMap":{"0":{"name":"(anonymous_0)","decl":{"start":{"line":29,"column":18},"end":{"line":29,"column":null}},"loc":{"start":{"line":34,"column":44},"end":{"line":40,"column":null}},"line":34},"1":{"name":"(anonymous_1)","decl":{"start":{"line":42,"column":21},"end":{"line":42,"column":27}},"loc":{"start":{"line":42,"column":27},"end":{"line":63,"column":null}},"line":42},"2":{"name":"(anonymous_2)","decl":{"start":{"line":76,"column":2},"end":{"line":76,"column":3}},"loc":{"start":{"line":76,"column":36},"end":{"line":84,"column":1}},"line":76},"3":{"name":"(anonymous_3)","decl":{"start":{"line":90,"column":2},"end":{"line":90,"column":3}},"loc":{"start":{"line":90,"column":36},"end":{"line":101,"column":1}},"line":90},"4":{"name":"(anonymous_4)","decl":{"start":{"line":107,"column":2},"end":{"line":107,"column":3}},"loc":{"start":{"line":107,"column":25},"end":{"line":123,"column":1}},"line":107},"5":{"name":"(anonymous_5)","decl":{"start":{"line":129,"column":2},"end":{"line":129,"column":3}},"loc":{"start":{"line":129,"column":36},"end":{"line":140,"column":1}},"line":129},"6":{"name":"(anonymous_6)","decl":{"start":{"line":146,"column":2},"end":{"line":146,"column":3}},"loc":{"start":{"line":146,"column":46},"end":{"line":164,"column":1}},"line":146}},"branchMap":{"0":{"loc":{"start":{"line":49,"column":2},"end":{"line":51,"column":null}},"type":"if","locations":[{"start":{"line":49,"column":2},"end":{"line":51,"column":null}},{"start":{},"end":{}}],"line":49},"1":{"loc":{"start":{"line":96,"column":20},"end":{"line":96,"column":52}},"type":"binary-expr","locations":[{"start":{"line":96,"column":20},"end":{"line":96,"column":29}},{"start":{"line":96,"column":29},"end":{"line":96,"column":52}}],"line":96},"2":{"loc":{"start":{"line":115,"column":8},"end":{"line":117,"column":null}},"type":"cond-expr","locations":[{"start":{"line":116,"column":12},"end":{"line":116,"column":null}},{"start":{"line":117,"column":12},"end":{"line":117,"column":null}}],"line":115},"3":{"loc":{"start":{"line":148,"column":15},"end":{"line":148,"column":null}},"type":"cond-expr","locations":[{"start":{"line":148,"column":23},"end":{"line":148,"column":48}},{"start":{"line":148,"column":48},"end":{"line":148,"column":null}}],"line":148},"4":{"loc":{"start":{"line":150,"column":2},"end":{"line":152,"column":null}},"type":"if","locations":[{"start":{"line":150,"column":2},"end":{"line":152,"column":null}},{"start":{},"end":{}}],"line":150}},"s":{"0":1,"1":1,"2":1,"3":6,"4":1,"5":24,"6":24,"7":24,"8":24,"9":24,"10":0,"11":24,"12":24,"13":1,"14":1,"15":6,"16":6,"17":1,"18":1,"19":6,"20":6,"21":1,"22":1,"23":6,"24":6,"25":1,"26":1,"27":6,"28":6,"29":1,"30":1,"31":6,"32":6,"33":6,"34":6,"35":0,"36":1},"f":{"0":6,"1":24,"2":6,"3":6,"4":6,"5":6,"6":6},"b":{"0":[0,24],"1":[6,0],"2":[6,0],"3":[0,6],"4":[6,0]},"meta":{"lastBranch":5,"lastFunction":7,"lastStatement":37,"seen":{"s:16:13:16:Infinity":0,"s:25:25:27:Infinity":1,"s:29:18:40:Infinity":2,"f:29:18:29:Infinity":0,"s:35:2:38:Infinity":3,"s:42:21:63:Infinity":4,"f:42:21:42:27":1,"s:43:23:43:Infinity":5,"s:44:22:44:Infinity":6,"s:45:35:45:Infinity":7,"s:47:21:47:Infinity":8,"b:49:2:51:Infinity:undefined:undefined:undefined:undefined":0,"s:49:2:51:Infinity":9,"s:50:4:50:Infinity":10,"s:53:17:53:Infinity":11,"s:55:2:62:Infinity":12,"s:69:24:71:Infinity":13,"s:73:17:84:Infinity":14,"f:76:2:76:3":2,"s:77:13:77:Infinity":15,"s:79:2:82:Infinity":16,"s:85:0:85:Infinity":17,"s:87:18:101:Infinity":18,"f:90:2:90:3":3,"s:91:32:91:Infinity":19,"s:93:2:99:Infinity":20,"b:96:20:96:29:96:29:96:52":1,"s:102:0:102:Infinity":21,"s:104:20:123:Infinity":22,"f:107:2:107:3":4,"s:108:66:108:Infinity":23,"s:110:2:121:Infinity":24,"b:116:12:116:Infinity:117:12:117:Infinity":2,"s:124:0:124:Infinity":25,"s:126:24:140:Infinity":26,"f:129:2:129:3":5,"s:130:32:130:Infinity":27,"s:132:2:138:Infinity":28,"s:141:0:141:Infinity":29,"s:143:20:164:Infinity":30,"f:146:2:146:3":6,"s:147:35:147:Infinity":31,"s:148:15:148:Infinity":32,"b:148:23:148:48:148:48:148:Infinity":3,"b:150:2:152:Infinity:undefined:undefined:undefined:undefined":4,"s:150:2:152:Infinity":33,"s:151:4:151:Infinity":34,"s:154:2:162:Infinity":35,"s:165:0:165:Infinity":36}}}
,"/Users/pidan/Work/Learn/pd-ui/packages/ui/src/components/ui/hover-card.tsx": {"path":"/Users/pidan/Work/Learn/pd-ui/packages/ui/src/components/ui/hover-card.tsx","statementMap":{"0":{"start":{"line":8,"column":18},"end":{"line":8,"column":null}},"1":{"start":{"line":10,"column":25},"end":{"line":10,"column":null}},"2":{"start":{"line":12,"column":25},"end":{"line":26,"column":null}},"3":{"start":{"line":16,"column":2},"end":{"line":25,"column":null}},"4":{"start":{"line":27,"column":0},"end":{"line":27,"column":null}}},"fnMap":{"0":{"name":"(anonymous_0)","decl":{"start":{"line":15,"column":2},"end":{"line":15,"column":3}},"loc":{"start":{"line":16,"column":2},"end":{"line":25,"column":null}},"line":16}},"branchMap":{"0":{"loc":{"start":{"line":15,"column":16},"end":{"line":15,"column":34}},"type":"default-arg","locations":[{"start":{"line":15,"column":24},"end":{"line":15,"column":34}}],"line":15},"1":{"loc":{"start":{"line":15,"column":34},"end":{"line":15,"column":50}},"type":"default-arg","locations":[{"start":{"line":15,"column":47},"end":{"line":15,"column":50}}],"line":15}},"s":{"0":1,"1":1,"2":1,"3":2,"4":1},"f":{"0":2},"b":{"0":[2],"1":[2]},"meta":{"lastBranch":2,"lastFunction":1,"lastStatement":5,"seen":{"s:8:18:8:Infinity":0,"s:10:25:10:Infinity":1,"s:12:25:26:Infinity":2,"f:15:2:15:3":0,"s:16:2:25:Infinity":3,"b:15:24:15:34":0,"b:15:47:15:50":1,"s:27:0:27:Infinity":4}}}
,"/Users/pidan/Work/Learn/pd-ui/packages/ui/src/components/ui/input-otp.tsx": {"path":"/Users/pidan/Work/Learn/pd-ui/packages/ui/src/components/ui/input-otp.tsx","statementMap":{"0":{"start":{"line":9,"column":17},"end":{"line":22,"column":null}},"1":{"start":{"line":13,"column":2},"end":{"line":21,"column":null}},"2":{"start":{"line":23,"column":0},"end":{"line":23,"column":null}},"3":{"start":{"line":25,"column":22},"end":{"line":30,"column":null}},"4":{"start":{"line":29,"column":2},"end":{"line":29,"column":null}},"5":{"start":{"line":31,"column":0},"end":{"line":31,"column":null}},"6":{"start":{"line":33,"column":21},"end":{"line":58,"column":null}},"7":{"start":{"line":37,"column":26},"end":{"line":37,"column":null}},"8":{"start":{"line":38,"column":43},"end":{"line":38,"column":null}},"9":{"start":{"line":40,"column":2},"end":{"line":56,"column":null}},"10":{"start":{"line":59,"column":0},"end":{"line":59,"column":null}},"11":{"start":{"line":61,"column":26},"end":{"line":68,"column":null}},"12":{"start":{"line":65,"column":2},"end":{"line":67,"column":null}},"13":{"start":{"line":69,"column":0},"end":{"line":69,"column":null}}},"fnMap":{"0":{"name":"(anonymous_0)","decl":{"start":{"line":12,"column":2},"end":{"line":12,"column":3}},"loc":{"start":{"line":13,"column":2},"end":{"line":21,"column":null}},"line":13},"1":{"name":"(anonymous_1)","decl":{"start":{"line":28,"column":2},"end":{"line":28,"column":3}},"loc":{"start":{"line":29,"column":2},"end":{"line":29,"column":null}},"line":29},"2":{"name":"(anonymous_2)","decl":{"start":{"line":36,"column":2},"end":{"line":36,"column":3}},"loc":{"start":{"line":36,"column":43},"end":{"line":58,"column":1}},"line":36},"3":{"name":"(anonymous_3)","decl":{"start":{"line":64,"column":2},"end":{"line":64,"column":3}},"loc":{"start":{"line":65,"column":2},"end":{"line":67,"column":null}},"line":65}},"branchMap":{"0":{"loc":{"start":{"line":45,"column":8},"end":{"line":45,"column":null}},"type":"binary-expr","locations":[{"start":{"line":45,"column":8},"end":{"line":45,"column":20}},{"start":{"line":45,"column":20},"end":{"line":45,"column":null}}],"line":45},"1":{"loc":{"start":{"line":51,"column":7},"end":{"line":54,"column":null}},"type":"binary-expr","locations":[{"start":{"line":51,"column":7},"end":{"line":51,"column":null}},{"start":{"line":52,"column":8},"end":{"line":54,"column":null}}],"line":51}},"s":{"0":1,"1":3,"2":1,"3":1,"4":2,"5":1,"6":1,"7":8,"8":8,"9":8,"10":1,"11":1,"12":0,"13":1},"f":{"0":3,"1":2,"2":8,"3":0},"b":{"0":[8,0],"1":[8,0]},"meta":{"lastBranch":2,"lastFunction":4,"lastStatement":14,"seen":{"s:9:17:22:Infinity":0,"f:12:2:12:3":0,"s:13:2:21:Infinity":1,"s:23:0:23:Infinity":2,"s:25:22:30:Infinity":3,"f:28:2:28:3":1,"s:29:2:29:Infinity":4,"s:31:0:31:Infinity":5,"s:33:21:58:Infinity":6,"f:36:2:36:3":2,"s:37:26:37:Infinity":7,"s:38:43:38:Infinity":8,"s:40:2:56:Infinity":9,"b:45:8:45:20:45:20:45:Infinity":0,"b:51:7:51:Infinity:52:8:54:Infinity":1,"s:59:0:59:Infinity":10,"s:61:26:68:Infinity":11,"f:64:2:64:3":3,"s:65:2:67:Infinity":12,"s:69:0:69:Infinity":13}}}
,"/Users/pidan/Work/Learn/pd-ui/packages/ui/src/components/ui/input.tsx": {"path":"/Users/pidan/Work/Learn/pd-ui/packages/ui/src/components/ui/input.tsx","statementMap":{"0":{"start":{"line":8,"column":14},"end":{"line":22,"column":null}},"1":{"start":{"line":10,"column":4},"end":{"line":19,"column":null}},"2":{"start":{"line":23,"column":0},"end":{"line":23,"column":null}}},"fnMap":{"0":{"name":"(anonymous_0)","decl":{"start":{"line":9,"column":2},"end":{"line":9,"column":3}},"loc":{"start":{"line":9,"column":42},"end":{"line":21,"column":null}},"line":9}},"branchMap":{},"s":{"0":2,"1":10,"2":2},"f":{"0":10},"b":{},"meta":{"lastBranch":0,"lastFunction":1,"lastStatement":3,"seen":{"s:8:14:22:Infinity":0,"f:9:2:9:3":0,"s:10:4:19:Infinity":1,"s:23:0:23:Infinity":2}}}
,"/Users/pidan/Work/Learn/pd-ui/packages/ui/src/components/ui/label.tsx": {"path":"/Users/pidan/Work/Learn/pd-ui/packages/ui/src/components/ui/label.tsx","statementMap":{"0":{"start":{"line":7,"column":6},"end":{"line":9,"column":null}},"1":{"start":{"line":11,"column":14},"end":{"line":21,"column":null}},"2":{"start":{"line":16,"column":2},"end":{"line":20,"column":null}},"3":{"start":{"line":22,"column":0},"end":{"line":22,"column":null}}},"fnMap":{"0":{"name":"(anonymous_0)","decl":{"start":{"line":15,"column":2},"end":{"line":15,"column":3}},"loc":{"start":{"line":16,"column":2},"end":{"line":20,"column":null}},"line":16}},"branchMap":{},"s":{"0":2,"1":2,"2":8,"3":2},"f":{"0":8},"b":{},"meta":{"lastBranch":0,"lastFunction":1,"lastStatement":4,"seen":{"s:7:6:9:Infinity":0,"s:11:14:21:Infinity":1,"f:15:2:15:3":0,"s:16:2:20:Infinity":2,"s:22:0:22:Infinity":3}}}
,"/Users/pidan/Work/Learn/pd-ui/packages/ui/src/components/ui/menubar.tsx": {"path":"/Users/pidan/Work/Learn/pd-ui/packages/ui/src/components/ui/menubar.tsx","statementMap":{"0":{"start":{"line":9,"column":65},"end":{"line":9,"column":null}},"1":{"start":{"line":11,"column":67},"end":{"line":11,"column":null}},"2":{"start":{"line":13,"column":69},"end":{"line":13,"column":null}},"3":{"start":{"line":15,"column":63},"end":{"line":15,"column":null}},"4":{"start":{"line":17,"column":77},"end":{"line":17,"column":null}},"5":{"start":{"line":19,"column":16},"end":{"line":31,"column":null}},"6":{"start":{"line":23,"column":2},"end":{"line":30,"column":null}},"7":{"start":{"line":32,"column":0},"end":{"line":32,"column":null}},"8":{"start":{"line":34,"column":23},"end":{"line":46,"column":null}},"9":{"start":{"line":38,"column":2},"end":{"line":45,"column":null}},"10":{"start":{"line":47,"column":0},"end":{"line":47,"column":null}},"11":{"start":{"line":49,"column":26},"end":{"line":67,"column":null}},"12":{"start":{"line":55,"column":2},"end":{"line":66,"column":null}},"13":{"start":{"line":68,"column":0},"end":{"line":68,"column":null}},"14":{"start":{"line":70,"column":26},"end":{"line":82,"column":null}},"15":{"start":{"line":74,"column":2},"end":{"line":81,"column":null}},"16":{"start":{"line":83,"column":0},"end":{"line":83,"column":null}},"17":{"start":{"line":85,"column":23},"end":{"line":107,"column":null}},"18":{"start":{"line":93,"column":4},"end":{"line":105,"column":null}},"19":{"start":{"line":108,"column":0},"end":{"line":108,"column":null}},"20":{"start":{"line":110,"column":20},"end":{"line":125,"column":null}},"21":{"start":{"line":116,"column":2},"end":{"line":124,"column":null}},"22":{"start":{"line":126,"column":0},"end":{"line":126,"column":null}},"23":{"start":{"line":128,"column":28},"end":{"line":148,"column":null}},"24":{"start":{"line":132,"column":2},"end":{"line":147,"column":null}},"25":{"start":{"line":149,"column":0},"end":{"line":149,"column":null}},"26":{"start":{"line":151,"column":25},"end":{"line":170,"column":null}},"27":{"start":{"line":155,"column":2},"end":{"line":169,"column":null}},"28":{"start":{"line":171,"column":0},"end":{"line":171,"column":null}},"29":{"start":{"line":173,"column":21},"end":{"line":188,"column":null}},"30":{"start":{"line":179,"column":2},"end":{"line":187,"column":null}},"31":{"start":{"line":189,"column":0},"end":{"line":189,"column":null}},"32":{"start":{"line":191,"column":25},"end":{"line":200,"column":null}},"33":{"start":{"line":195,"column":2},"end":{"line":199,"column":null}},"34":{"start":{"line":201,"column":0},"end":{"line":201,"column":null}},"35":{"start":{"line":203,"column":24},"end":{"line":216,"column":null}},"36":{"start":{"line":207,"column":2},"end":{"line":214,"column":null}},"37":{"start":{"line":217,"column":0},"end":{"line":217,"column":null}}},"fnMap":{"0":{"name":"(anonymous_0)","decl":{"start":{"line":22,"column":2},"end":{"line":22,"column":3}},"loc":{"start":{"line":23,"column":2},"end":{"line":30,"column":null}},"line":23},"1":{"name":"(anonymous_1)","decl":{"start":{"line":37,"column":2},"end":{"line":37,"column":3}},"loc":{"start":{"line":38,"column":2},"end":{"line":45,"column":null}},"line":38},"2":{"name":"(anonymous_2)","decl":{"start":{"line":54,"column":2},"end":{"line":54,"column":3}},"loc":{"start":{"line":55,"column":2},"end":{"line":66,"column":null}},"line":55},"3":{"name":"(anonymous_3)","decl":{"start":{"line":73,"column":2},"end":{"line":73,"column":3}},"loc":{"start":{"line":74,"column":2},"end":{"line":81,"column":null}},"line":74},"4":{"name":"(anonymous_4)","decl":{"start":{"line":89,"column":2},"end":{"line":89,"column":null}},"loc":{"start":{"line":93,"column":4},"end":{"line":105,"column":null}},"line":93},"5":{"name":"(anonymous_5)","decl":{"start":{"line":115,"column":2},"end":{"line":115,"column":3}},"loc":{"start":{"line":116,"column":2},"end":{"line":124,"column":null}},"line":116},"6":{"name":"(anonymous_6)","decl":{"start":{"line":131,"column":2},"end":{"line":131,"column":3}},"loc":{"start":{"line":132,"column":2},"end":{"line":147,"column":null}},"line":132},"7":{"name":"(anonymous_7)","decl":{"start":{"line":154,"column":2},"end":{"line":154,"column":3}},"loc":{"start":{"line":155,"column":2},"end":{"line":169,"column":null}},"line":155},"8":{"name":"(anonymous_8)","decl":{"start":{"line":178,"column":2},"end":{"line":178,"column":3}},"loc":{"start":{"line":179,"column":2},"end":{"line":187,"column":null}},"line":179},"9":{"name":"(anonymous_9)","decl":{"start":{"line":194,"column":2},"end":{"line":194,"column":3}},"loc":{"start":{"line":195,"column":2},"end":{"line":199,"column":null}},"line":195},"10":{"name":"(anonymous_10)","decl":{"start":{"line":203,"column":24},"end":{"line":203,"column":25}},"loc":{"start":{"line":206,"column":45},"end":{"line":216,"column":null}},"line":206}},"branchMap":{"0":{"loc":{"start":{"line":59,"column":6},"end":{"line":59,"column":null}},"type":"binary-expr","locations":[{"start":{"line":59,"column":6},"end":{"line":59,"column":15}},{"start":{"line":59,"column":15},"end":{"line":59,"column":null}}],"line":59},"1":{"loc":{"start":{"line":90,"column":17},"end":{"line":90,"column":34}},"type":"default-arg","locations":[{"start":{"line":90,"column":25},"end":{"line":90,"column":34}}],"line":90},"2":{"loc":{"start":{"line":90,"column":34},"end":{"line":90,"column":52}},"type":"default-arg","locations":[{"start":{"line":90,"column":48},"end":{"line":90,"column":52}}],"line":90},"3":{"loc":{"start":{"line":90,"column":52},"end":{"line":90,"column":68}},"type":"default-arg","locations":[{"start":{"line":90,"column":65},"end":{"line":90,"column":68}}],"line":90},"4":{"loc":{"start":{"line":120,"column":6},"end":{"line":120,"column":null}},"type":"binary-expr","locations":[{"start":{"line":120,"column":6},"end":{"line":120,"column":15}},{"start":{"line":120,"column":15},"end":{"line":120,"column":null}}],"line":120},"5":{"loc":{"start":{"line":183,"column":6},"end":{"line":183,"column":null}},"type":"binary-expr","locations":[{"start":{"line":183,"column":6},"end":{"line":183,"column":15}},{"start":{"line":183,"column":15},"end":{"line":183,"column":null}}],"line":183}},"s":{"0":1,"1":1,"2":1,"3":1,"4":1,"5":1,"6":2,"7":1,"8":1,"9":2,"10":1,"11":1,"12":0,"13":1,"14":1,"15":0,"16":1,"17":1,"18":2,"19":1,"20":1,"21":1,"22":1,"23":1,"24":0,"25":1,"26":1,"27":0,"28":1,"29":1,"30":0,"31":1,"32":1,"33":0,"34":1,"35":1,"36":0,"37":1},"f":{"0":2,"1":2,"2":0,"3":0,"4":2,"5":1,"6":0,"7":0,"8":0,"9":0,"10":0},"b":{"0":[0,0],"1":[2],"2":[2],"3":[2],"4":[1,0],"5":[0,0]},"meta":{"lastBranch":6,"lastFunction":11,"lastStatement":38,"seen":{"s:9:65:9:Infinity":0,"s:11:67:11:Infinity":1,"s:13:69:13:Infinity":2,"s:15:63:15:Infinity":3,"s:17:77:17:Infinity":4,"s:19:16:31:Infinity":5,"f:22:2:22:3":0,"s:23:2:30:Infinity":6,"s:32:0:32:Infinity":7,"s:34:23:46:Infinity":8,"f:37:2:37:3":1,"s:38:2:45:Infinity":9,"s:47:0:47:Infinity":10,"s:49:26:67:Infinity":11,"f:54:2:54:3":2,"s:55:2:66:Infinity":12,"b:59:6:59:15:59:15:59:Infinity":0,"s:68:0:68:Infinity":13,"s:70:26:82:Infinity":14,"f:73:2:73:3":3,"s:74:2:81:Infinity":15,"s:83:0:83:Infinity":16,"s:85:23:107:Infinity":17,"f:89:2:89:Infinity":4,"s:93:4:105:Infinity":18,"b:90:25:90:34":1,"b:90:48:90:52":2,"b:90:65:90:68":3,"s:108:0:108:Infinity":19,"s:110:20:125:Infinity":20,"f:115:2:115:3":5,"s:116:2:124:Infinity":21,"b:120:6:120:15:120:15:120:Infinity":4,"s:126:0:126:Infinity":22,"s:128:28:148:Infinity":23,"f:131:2:131:3":6,"s:132:2:147:Infinity":24,"s:149:0:149:Infinity":25,"s:151:25:170:Infinity":26,"f:154:2:154:3":7,"s:155:2:169:Infinity":27,"s:171:0:171:Infinity":28,"s:173:21:188:Infinity":29,"f:178:2:178:3":8,"s:179:2:187:Infinity":30,"b:183:6:183:15:183:15:183:Infinity":5,"s:189:0:189:Infinity":31,"s:191:25:200:Infinity":32,"f:194:2:194:3":9,"s:195:2:199:Infinity":33,"s:201:0:201:Infinity":34,"s:203:24:216:Infinity":35,"f:203:24:203:25":10,"s:207:2:214:Infinity":36,"s:217:0:217:Infinity":37}}}
,"/Users/pidan/Work/Learn/pd-ui/packages/ui/src/components/ui/navigation-menu.tsx": {"path":"/Users/pidan/Work/Learn/pd-ui/packages/ui/src/components/ui/navigation-menu.tsx","statementMap":{"0":{"start":{"line":10,"column":23},"end":{"line":25,"column":null}},"1":{"start":{"line":14,"column":2},"end":{"line":24,"column":null}},"2":{"start":{"line":26,"column":0},"end":{"line":26,"column":null}},"3":{"start":{"line":28,"column":27},"end":{"line":40,"column":null}},"4":{"start":{"line":32,"column":2},"end":{"line":39,"column":null}},"5":{"start":{"line":41,"column":0},"end":{"line":41,"column":null}},"6":{"start":{"line":43,"column":27},"end":{"line":43,"column":null}},"7":{"start":{"line":45,"column":6},"end":{"line":47,"column":null}},"8":{"start":{"line":49,"column":30},"end":{"line":64,"column":null}},"9":{"start":{"line":53,"column":2},"end":{"line":63,"column":null}},"10":{"start":{"line":65,"column":0},"end":{"line":65,"column":null}},"11":{"start":{"line":67,"column":30},"end":{"line":79,"column":null}},"12":{"start":{"line":71,"column":2},"end":{"line":78,"column":null}},"13":{"start":{"line":80,"column":0},"end":{"line":80,"column":null}},"14":{"start":{"line":82,"column":27},"end":{"line":82,"column":null}},"15":{"start":{"line":84,"column":31},"end":{"line":98,"column":null}},"16":{"start":{"line":88,"column":2},"end":{"line":97,"column":null}},"17":{"start":{"line":99,"column":0},"end":{"line":100,"column":null}},"18":{"start":{"line":102,"column":32},"end":{"line":116,"column":null}},"19":{"start":{"line":106,"column":2},"end":{"line":115,"column":null}},"20":{"start":{"line":117,"column":0},"end":{"line":118,"column":null}}},"fnMap":{"0":{"name":"(anonymous_0)","decl":{"start":{"line":13,"column":2},"end":{"line":13,"column":3}},"loc":{"start":{"line":14,"column":2},"end":{"line":24,"column":null}},"line":14},"1":{"name":"(anonymous_1)","decl":{"start":{"line":31,"column":2},"end":{"line":31,"column":3}},"loc":{"start":{"line":32,"column":2},"end":{"line":39,"column":null}},"line":32},"2":{"name":"(anonymous_2)","decl":{"start":{"line":52,"column":2},"end":{"line":52,"column":3}},"loc":{"start":{"line":53,"column":2},"end":{"line":63,"column":null}},"line
[...]
,"/Users/pidan/Work/Learn/pd-ui/packages/ui/src/components/ui/sheet.tsx": {"path":"/Users/pidan/Work/Learn/pd-ui/packages/ui/src/components/ui/sheet.tsx","statementMap":{"0":{"start":{"line":8,"column":14},"end":{"line":8,"column":null}},"1":{"start":{"line":10,"column":21},"end":{"line":10,"column":null}},"2":{"start":{"line":12,"column":19},"end":{"line":12,"column":null}},"3":{"start":{"line":14,"column":20},"end":{"line":14,"column":null}},"4":{"start":{"line":16,"column":21},"end":{"line":28,"column":null}},"5":{"start":{"line":20,"column":2},"end":{"line":27,"column":null}},"6":{"start":{"line":29,"column":0},"end":{"line":29,"column":null}},"7":{"start":{"line":31,"column":6},"end":{"line":48,"column":null}},"8":{"start":{"line":54,"column":21},"end":{"line":72,"column":null}},"9":{"start":{"line":58,"column":2},"end":{"line":71,"column":null}},"10":{"start":{"line":73,"column":0},"end":{"line":73,"column":null}},"11":{"start":{"line":75,"column":20},"end":{"line":85,"column":null}},"12":{"start":{"line":79,"column":2},"end":{"line":85,"column":null}},"13":{"start":{"line":87,"column":0},"end":{"line":87,"column":null}},"14":{"start":{"line":89,"column":20},"end":{"line":99,"column":null}},"15":{"start":{"line":93,"column":2},"end":{"line":99,"column":null}},"16":{"start":{"line":101,"column":0},"end":{"line":101,"column":null}},"17":{"start":{"line":103,"column":19},"end":{"line":112,"column":null}},"18":{"start":{"line":107,"column":2},"end":{"line":111,"column":null}},"19":{"start":{"line":113,"column":0},"end":{"line":113,"column":null}},"20":{"start":{"line":115,"column":25},"end":{"line":124,"column":null}},"21":{"start":{"line":119,"column":2},"end":{"line":123,"column":null}},"22":{"start":{"line":125,"column":0},"end":{"line":125,"column":null}}},"fnMap":{"0":{"name":"(anonymous_0)","decl":{"start":{"line":19,"column":2},"end":{"line":19,"column":3}},"loc":{"start":{"line":20,"column":2},"end":{"line":27,"column":null}},"line":20},"1":{"name":"(anonymous_1)","decl":{"start":{"line":57,"column":2},"end":{"line":57,"column":3}},"loc":{"start":{"line":58,"column":2},"end":{"line":71,"column":null}},"line":58},"2":{"name":"(anonymous_2)","decl":{"start":{"line":75,"column":20},"end":{"line":75,"column":21}},"loc":{"start":{"line":79,"column":2},"end":{"line":85,"column":null}},"line":79},"3":{"name":"(anonymous_3)","decl":{"start":{"line":89,"column":20},"end":{"line":89,"column":21}},"loc":{"start":{"line":93,"column":2},"end":{"line":99,"column":null}},"line":93},"4":{"name":"(anonymous_4)","decl":{"start":{"line":106,"column":2},"end":{"line":106,"column":3}},"loc":{"start":{"line":107,"column":2},"end":{"line":111,"column":null}},"line":107},"5":{"name":"(anonymous_5)","decl":{"start":{"line":118,"column":2},"end":{"line":118,"column":3}},"loc":{"start":{"line":119,"column":2},"end":{"line":123,"column":null}},"line":119}},"branchMap":{"0":{"loc":{"start":{"line":57,"column":5},"end":{"line":57,"column":21}},"type":"default-arg","locations":[{"start":{"line":57,"column":12},"end":{"line":57,"column":21}}],"line":57}},"s":{"0":1,"1":1,"2":1,"3":1,"4":1,"5":4,"6":1,"7":1,"8":1,"9":2,"10":1,"11":1,"12":2,"13":1,"14":1,"15":0,"16":1,"17":1,"18":2,"19":1,"20":1,"21":2,"22":1},"f":{"0":4,"1":2,"2":2,"3":0,"4":2,"5":2},"b":{"0":[2]},"meta":{"lastBranch":1,"lastFunction":6,"lastStatement":23,"seen":{"s:8:14:8:Infinity":0,"s:10:21:10:Infinity":1,"s:12:19:12:Infinity":2,"s:14:20:14:Infinity":3,"s:16:21:28:Infinity":4,"f:19:2:19:3":0,"s:20:2:27:Infinity":5,"s:29:0:29:Infinity":6,"s:31:6:48:Infinity":7,"s:54:21:72:Infinity":8,"f:57:2:57:3":1,"s:58:2:71:Infinity":9,"b:57:12:57:21":0,"s:73:0:73:Infinity":10,"s:75:20:85:Infinity":11,"f:75:20:75:21":2,"s:79:2:85:Infinity":12,"s:87:0:87:Infinity":13,"s:89:20:99:Infinity":14,"f:89:20:89:21":3,"s:93:2:99:Infinity":15,"s:101:0:101:Infinity":16,"s:103:19:112:Infinity":17,"f:106:2:106:3":4,"s:107:2:111:Infinity":18,"s:113:0:113:Infinity":19,"s:115:25:124:Infinity":20,"f:118:2:118:3":5,"s:119:2:123:Infinity":21,"s:125:0:125:Infinity":22}}}
,"/Users/pidan/Work/Learn/pd-ui/packages/ui/src/components/ui/skeleton.tsx": {"path":"/Users/pidan/Work/Learn/pd-ui/packages/ui/src/components/ui/skeleton.tsx","statementMap":{"0":{"start":{"line":7,"column":2},"end":{"line":11,"column":null}}},"fnMap":{"0":{"name":"Skeleton","decl":{"start":{"line":3,"column":9},"end":{"line":3,"column":18}},"loc":{"start":{"line":6,"column":41},"end":{"line":13,"column":null}},"line":6}},"branchMap":{},"s":{"0":2},"f":{"0":2},"b":{},"meta":{"lastBranch":0,"lastFunction":1,"lastStatement":1,"seen":{"f:3:9:3:18":0,"s:7:2:11:Infinity":0}}}
,"/Users/pidan/Work/Learn/pd-ui/packages/ui/src/components/ui/slider.tsx": {"path":"/Users/pidan/Work/Learn/pd-ui/packages/ui/src/components/ui/slider.tsx","statementMap":{"0":{"start":{"line":8,"column":15},"end":{"line":28,"column":null}},"1":{"start":{"line":12,"column":2},"end":{"line":27,"column":null}},"2":{"start":{"line":29,"column":0},"end":{"line":29,"column":null}}},"fnMap":{"0":{"name":"(anonymous_0)","decl":{"start":{"line":11,"column":2},"end":{"line":11,"column":3}},"loc":{"start":{"line":12,"column":2},"end":{"line":27,"column":null}},"line":12}},"branchMap":{},"s":{"0":1,"1":2,"2":1},"f":{"0":2},"b":{},"meta":{"lastBranch":0,"lastFunction":1,"lastStatement":3,"seen":{"s:8:15:28:Infinity":0,"f:11:2:11:3":0,"s:12:2:27:Infinity":1,"s:29:0:29:Infinity":2}}}
,"/Users/pidan/Work/Learn/pd-ui/packages/ui/src/components/ui/sonner.tsx": {"path":"/Users/pidan/Work/Learn/pd-ui/packages/ui/src/components/ui/sonner.tsx","statementMap":{"0":{"start":{"line":7,"column":16},"end":{"line":25,"column":null}},"1":{"start":{"line":8,"column":2},"end":{"line":23,"column":null}}},"fnMap":{"0":{"name":"(anonymous_0)","decl":{"start":{"line":7,"column":16},"end":{"line":7,"column":17}},"loc":{"start":{"line":7,"column":48},"end":{"line":25,"column":null}},"line":7}},"branchMap":{},"s":{"0":1,"1":1},"f":{"0":1},"b":{},"meta":{"lastBranch":0,"lastFunction":1,"lastStatement":2,"seen":{"s:7:16:25:Infinity":0,"f:7:16:7:17":0,"s:8:2:23:Infinity":1}}}
,"/Users/pidan/Work/Learn/pd-ui/packages/ui/src/components/ui/switch.tsx": {"path":"/Users/pidan/Work/Learn/pd-ui/packages/ui/src/components/ui/switch.tsx","statementMap":{"0":{"start":{"line":6,"column":15},"end":{"line":24,"column":null}},"1":{"start":{"line":10,"column":2},"end":{"line":23,"column":null}},"2":{"start":{"line":25,"column":0},"end":{"line":25,"column":null}}},"fnMap":{"0":{"name":"(anonymous_0)","decl":{"start":{"line":9,"column":2},"end":{"line":9,"column":3}},"loc":{"start":{"line":10,"column":2},"end":{"line":23,"column":null}},"line":10}},"branchMap":{},"s":{"0":1,"1":3,"2":1},"f":{"0":3},"b":{},"meta":{"lastBranch":0,"lastFunction":1,"lastStatement":3,"seen":{"s:6:15:24:Infinity":0,"f:9:2:9:3":0,"s:10:2:23:Infinity":1,"s:25:0:25:Infinity":2}}}
,"/Users/pidan/Work/Learn/pd-ui/packages/ui/src/components/ui/table.tsx": {"path":"/Users/pidan/Work/Learn/pd-ui/packages/ui/src/components/ui/table.tsx","statementMap":{"0":{"start":{"line":4,"column":14},"end":{"line":15,"column":null}},"1":{"start":{"line":8,"column":2},"end":{"line":14,"column":null}},"2":{"start":{"line":16,"column":0},"end":{"line":16,"column":null}},"3":{"start":{"line":18,"column":20},"end":{"line":23,"column":null}},"4":{"start":{"line":22,"column":2},"end":{"line":22,"column":null}},"5":{"start":{"line":24,"column":0},"end":{"line":24,"column":null}},"6":{"start":{"line":26,"column":18},"end":{"line":35,"column":null}},"7":{"start":{"line":30,"column":2},"end":{"line":34,"column":null}},"8":{"start":{"line":36,"column":0},"end":{"line":36,"column":null}},"9":{"start":{"line":38,"column":20},"end":{"line":50,"column":null}},"10":{"start":{"line":42,"column":2},"end":{"line":49,"column":null}},"11":{"start":{"line":51,"column":0},"end":{"line":51,"column":null}},"12":{"start":{"line":53,"column":17},"end":{"line":65,"column":null}},"13":{"start":{"line":57,"column":2},"end":{"line":64,"column":null}},"14":{"start":{"line":66,"column":0},"end":{"line":66,"column":null}},"15":{"start":{"line":68,"column":18},"end":{"line":80,"column":null}},"16":{"start":{"line":72,"column":2},"end":{"line":79,"column":null}},"17":{"start":{"line":81,"column":0},"end":{"line":81,"column":null}},"18":{"start":{"line":83,"column":18},"end":{"line":92,"column":null}},"19":{"start":{"line":87,"column":2},"end":{"line":91,"column":null}},"20":{"start":{"line":93,"column":0},"end":{"line":93,"column":null}},"21":{"start":{"line":95,"column":21},"end":{"line":104,"column":null}},"22":{"start":{"line":99,"column":2},"end":{"line":103,"column":null}},"23":{"start":{"line":105,"column":0},"end":{"line":105,"column":null}}},"fnMap":{"0":{"name":"(anonymous_0)","decl":{"start":{"line":7,"column":2},"end":{"line":7,"column":3}},"loc":{"start":{"line":8,"column":2},"end":{"line":14,"column":null}},"line":8},"1":{"name":"(anonymous_1)","decl":{"start":{"line":21,"column":2},"end":{"line":21,"column":3}},"loc":{"start":{"line":22,"column":2},"end":{"line":22,"column":null}},"line":22},"2":{"name":"(anonymous_2)","decl":{"start":{"line":29,"column":2},"end":{"line":29,"column":3}},"loc":{"start":{"line":30,"column":2},"end":{"line":34,"column":null}},"line":30},"3":{"name":"(anonymous_3)","decl":{"start":{"line":41,"column":2},"end":{"line":41,"column":3}},"loc":{"start":{"line":42,"column":2},"end":{"line":49,"column":null}},"line":42},"4":{"name":"(anonymous_4)","decl":{"start":{"line":56,"column":2},"end":{"line":56,"column":3}},"loc":{"start":{"line":57,"column":2},"end":{"line":64,"column":null}},"line":57},"5":{"name":"(anonymous_5)","decl":{"start":{"line":71,"column":2},"end":{"line":71,"column":3}},"loc":{"start":{"line":72,"column":2},"end":{"line":79,"column":null}},"line":72},"6":{"name":"(anonymous_6)","decl":{"start":{"line":86,"column":2},"end":{"line":86,"column":3}},"loc":{"start":{"line":87,"column":2},"end":{"line":91,"column":null}},"line":87},"7":{"name":"(anonymous_7)","decl":{"start":{"line":98,"column":2},"end":{"line":98,"column":3}},"loc":{"start":{"line":99,"column":2},"end":{"line":103,"column":null}},"line":99}},"branchMap":{},"s":{"0":1,"1":2,"2":1,"3":1,"4":1,"5":1,"6":1,"7":2,"8":1,"9":1,"10":0,"11":1,"12":1,"13":3,"14":1,"15":1,"16":2,"17":1,"18":1,"19":3,"20":1,"21":1,"22":1,"23":1},"f":{"0":2,"1":1,"2":2,"3":0,"4":3,"5":2,"6":3,"7":1},"b":{},"meta":{"lastBranch":0,"lastFunction":8,"lastStatement":24,"seen":{"s:4:14:15:Infinity":0,"f:7:2:7:3":0,"s:8:2:14:Infinity":1,"s:16:0:16:Infinity":2,"s:18:20:23:Infinity":3,"f:21:2:21:3":1,"s:22:2:22:Infinity":4,"s:24:0:24:Infinity":5,"s:26:18:35:Infinity":6,"f:29:2:29:3":2,"s:30:2:34:Infinity":7,"s:36:0:36:Infinity":8,"s:38:20:50:Infinity":9,"f:41:2:41:3":3,"s:42:2:49:Infinity":10,"s:51:0:51:Infinity":11,"s:53:17:65:Infinity":12,"f:56:2:56:3":4,"s:57:2:64:Infinity":13,"s:66:0:66:Infinity":14,"s:68:18:80:Infinity":15,"f:71:2:71:3":5,"s:72:2:79:Infinity":16,"s:81:0:81:Infinity":17,"s:83:18:92:Infinity":18,"f:86:2:86:3":6,"s:87:2:91:Infinity":19,"s:93:0:93:Infinity":20,"s:95:21:104:Infinity":21,"f:98:2:98:3":7,"s:99:2:103:Infinity":22,"s:105:0:105:Infinity":23}}}
,"/Users/pidan/Work/Learn/pd-ui/packages/ui/src/components/ui/tabs.tsx": {"path":"/Users/pidan/Work/Learn/pd-ui/packages/ui/src/components/ui/tabs.tsx","statementMap":{"0":{"start":{"line":6,"column":13},"end":{"line":6,"column":null}},"1":{"start":{"line":8,"column":17},"end":{"line":20,"column":null}},"2":{"start":{"line":12,"column":2},"end":{"line":19,"column":null}},"3":{"start":{"line":21,"column":0},"end":{"line":21,"column":null}},"4":{"start":{"line":23,"column":20},"end":{"line":35,"column":null}},"5":{"start":{"line":27,"column":2},"end":{"line":34,"column":null}},"6":{"start":{"line":36,"column":0},"end":{"line":36,"column":null}},"7":{"start":{"line":38,"column":20},"end":{"line":50,"column":null}},"8":{"start":{"line":42,"column":2},"end":{"line":49,"column":null}},"9":{"start":{"line":51,"column":0},"end":{"line":51,"column":null}}},"fnMap":{"0":{"name":"(anonymous_0)","decl":{"start":{"line":11,"column":2},"end":{"line":11,"column":3}},"loc":{"start":{"line":12,"column":2},"end":{"line":19,"column":null}},"line":12},"1":{"name":"(anonymous_1)","decl":{"start":{"line":26,"column":2},"end":{"line":26,"column":3}},"loc":{"start":{"line":27,"column":2},"end":{"line":34,"column":null}},"line":27},"2":{"name":"(anonymous_2)","decl":{"start":{"line":41,"column":2},"end":{"line":41,"column":3}},"loc":{"start":{"line":42,"column":2},"end":{"line":49,"column":null}},"line":42}},"branchMap":{},"s":{"0":1,"1":1,"2":2,"3":1,"4":1,"5":4,"6":1,"7":1,"8":4,"9":1},"f":{"0":2,"1":4,"2":4},"b":{},"meta":{"lastBranch":0,"lastFunction":3,"lastStatement":10,"seen":{"s:6:13:6:Infinity":0,"s:8:17:20:Infinity":1,"f:11:2:11:3":0,"s:12:2:19:Infinity":2,"s:21:0:21:Infinity":3,"s:23:20:35:Infinity":4,"f:26:2:26:3":1,"s:27:2:34:Infinity":5,"s:36:0:36:Infinity":6,"s:38:20:50:Infinity":7,"f:41:2:41:3":2,"s:42:2:49:Infinity":8,"s:51:0:51:Infinity":9}}}
,"/Users/pidan/Work/Learn/pd-ui/packages/ui/src/components/ui/textarea.tsx": {"path":"/Users/pidan/Work/Learn/pd-ui/packages/ui/src/components/ui/textarea.tsx","statementMap":{"0":{"start":{"line":8,"column":17},"end":{"line":21,"column":null}},"1":{"start":{"line":10,"column":4},"end":{"line":18,"column":null}},"2":{"start":{"line":22,"column":0},"end":{"line":22,"column":null}}},"fnMap":{"0":{"name":"(anonymous_0)","decl":{"start":{"line":9,"column":2},"end":{"line":9,"column":3}},"loc":{"start":{"line":9,"column":36},"end":{"line":20,"column":null}},"line":9}},"branchMap":{},"s":{"0":1,"1":4,"2":1},"f":{"0":4},"b":{},"meta":{"lastBranch":0,"lastFunction":1,"lastStatement":3,"seen":{"s:8:17:21:Infinity":0,"f:9:2:9:3":0,"s:10:4:18:Infinity":1,"s:22:0:22:Infinity":2}}}
,"/Users/pidan/Work/Learn/pd-ui/packages/ui/src/components/ui/toggle-group.tsx": {"path":"/Users/pidan/Work/Learn/pd-ui/packages/ui/src/components/ui/toggle-group.tsx","statementMap":{"0":{"start":{"line":10,"column":27},"end":{"line":15,"column":null}},"1":{"start":{"line":17,"column":20},"end":{"line":31,"column":null}},"2":{"start":{"line":22,"column":2},"end":{"line":30,"column":null}},"3":{"start":{"line":33,"column":0},"end":{"line":33,"column":null}},"4":{"start":{"line":35,"column":24},"end":{"line":57,"column":null}},"5":{"start":{"line":40,"column":18},"end":{"line":40,"column":null}},"6":{"start":{"line":42,"column":2},"end":{"line":55,"column":null}},"7":{"start":{"line":59,"column":0},"end":{"line":59,"column":null}}},"fnMap":{"0":{"name":"(anonymous_0)","decl":{"start":{"line":21,"column":2},"end":{"line":21,"column":3}},"loc":{"start":{"line":22,"column":2},"end":{"line":30,"column":null}},"line":22},"1":{"name":"(anonymous_1)","decl":{"start":{"line":39,"column":2},"end":{"line":39,"column":3}},"loc":{"start":{"line":39,"column":61},"end":{"line":57,"column":1}},"line":39}},"branchMap":{"0":{"loc":{"start":{"line":47,"column":19},"end":{"line":47,"column":null}},"type":"binary-expr","locations":[{"start":{"line":47,"column":19},"end":{"line":47,"column":38}},{"start":{"line":47,"column":38},"end":{"line":47,"column":null}}],"line":47},"1":{"loc":{"start":{"line":48,"column":16},"end":{"line":48,"column":null}},"type":"binary-expr","locations":[{"start":{"line":48,"column":16},"end":{"line":48,"column":32}},{"start":{"line":48,"column":32},"end":{"line":48,"column":null}}],"line":48}},"s":{"0":1,"1":1,"2":2,"3":1,"4":1,"5":4,"6":4,"7":1},"f":{"0":2,"1":4},"b":{"0":[4,4],"1":[4,4]},"meta":{"lastBranch":2,"lastFunction":2,"lastStatement":8,"seen":{"s:10:27:15:Infinity":0,"s:17:20:31:Infinity":1,"f:21:2:21:3":0,"s:22:2:30:Infinity":2,"s:33:0:33:Infinity":3,"s:35:24:57:Infinity":4,"f:39:2:39:3":1,"s:40:18:40:Infinity":5,"s:42:2:55:Infinity":6,"b:47:19:47:38:47:38:47:Infinity":0,"b:48:16:48:32:48:32:48:Infinity":1,"s:59:0:59:Infinity":7}}}
,"/Users/pidan/Work/Learn/pd-ui/packages/ui/src/components/ui/toggle.tsx": {"path":"/Users/pidan/Work/Learn/pd-ui/packages/ui/src/components/ui/toggle.tsx","statementMap":{"0":{"start":{"line":9,"column":6},"end":{"line":29,"column":null}},"1":{"start":{"line":31,"column":15},"end":{"line":41,"column":null}},"2":{"start":{"line":36,"column":2},"end":{"line":40,"column":null}},"3":{"start":{"line":43,"column":0},"end":{"line":43,"column":null}}},"fnMap":{"0":{"name":"(anonymous_0)","decl":{"start":{"line":35,"column":2},"end":{"line":35,"column":3}},"loc":{"start":{"line":36,"column":2},"end":{"line":40,"column":null}},"line":36}},"branchMap":{},"s":{"0":2,"1":2,"2":2,"3":2},"f":{"0":2},"b":{},"meta":{"lastBranch":0,"lastFunction":1,"lastStatement":4,"seen":{"s:9:6:29:Infinity":0,"s:31:15:41:Infinity":1,"f:35:2:35:3":0,"s:36:2:40:Infinity":2,"s:43:0:43:Infinity":3}}}
,"/Users/pidan/Work/Learn/pd-ui/packages/ui/src/components/ui/tooltip.tsx": {"path":"/Users/pidan/Work/Learn/pd-ui/packages/ui/src/components/ui/tooltip.tsx","statementMap":{"0":{"start":{"line":6,"column":24},"end":{"line":6,"column":null}},"1":{"start":{"line":8,"column":16},"end":{"line":8,"column":null}},"2":{"start":{"line":10,"column":23},"end":{"line":10,"column":null}},"3":{"start":{"line":12,"column":23},"end":{"line":25,"column":null}},"4":{"start":{"line":16,"column":2},"end":{"line":24,"column":null}},"5":{"start":{"line":26,"column":0},"end":{"line":26,"column":null}}},"fnMap":{"0":{"name":"(anonymous_0)","decl":{"start":{"line":15,"column":2},"end":{"line":15,"column":3}},"loc":{"start":{"line":16,"column":2},"end":{"line":24,"column":null}},"line":16}},"branchMap":{"0":{"loc":{"start":{"line":15,"column":16},"end":{"line":15,"column":32}},"type":"default-arg","locations":[{"start":{"line":15,"column":29},"end":{"line":15,"column":32}}],"line":15}},"s":{"0":1,"1":1,"2":1,"3":1,"4":2,"5":1},"f":{"0":2},"b":{"0":[2]},"meta":{"lastBranch":1,"lastFunction":1,"lastStatement":6,"seen":{"s:6:24:6:Infinity":0,"s:8:16:8:Infinity":1,"s:10:23:10:Infinity":2,"s:12:23:25:Infinity":3,"f:15:2:15:3":0,"s:16:2:24:Infinity":4,"b:15:29:15:32":0,"s:26:0:26:Infinity":5}}}
,"/Users/pidan/Work/Learn/pd-ui/packages/ui/src/lib/utils.ts": {"path":"/Users/pidan/Work/Learn/pd-ui/packages/ui/src/lib/utils.ts","statementMap":{"0":{"start":{"line":5,"column":2},"end":{"line":5,"column":null}}},"fnMap":{"0":{"name":"cn","decl":{"start":{"line":4,"column":16},"end":{"line":4,"column":22}},"loc":{"start":{"line":4,"column":44},"end":{"line":6,"column":null}},"line":4}},"branchMap":{},"s":{"0":329},"f":{"0":329},"b":{},"meta":{"lastBranch":0,"lastFunction":1,"lastStatement":1,"seen":{"f:4:16:4:22":0,"s:5:2:5:Infinity":0}}}
}
